2019-07-11 15:00:54,371 - cortix - INFO - Created Cortix object
2019-07-11 15:07:39,475 - cortix - INFO - Created Cortix object
2019-07-11 15:07:56,697 - cortix - INFO - Created Cortix object
2019-07-11 15:07:57,087 - cortix - INFO - Launching Module <__main__.BouncingBall object at 0x0000014AB2A3F390>
2019-07-11 15:07:57,926 - cortix - INFO - Launching Module <__main__.BouncingBall object at 0x0000014AB3936A20>
2019-07-11 15:07:58,776 - cortix - INFO - Launching Module <__main__.BouncingBall object at 0x0000014AB725E828>
2019-07-11 15:07:59,455 - cortix - INFO - Launching Module <__main__.BouncingBall object at 0x0000014AB725E898>
2019-07-11 15:08:00,155 - cortix - INFO - Launching Module <__main__.BouncingBall object at 0x0000014AB725E860>
2019-07-11 15:08:01,674 - cortix - INFO - Launching Module <__main__.BouncingBall object at 0x0000014AB725E908>
2019-07-11 15:08:02,304 - cortix - INFO - Launching Module <__main__.BouncingBall object at 0x0000014AB725EEF0>
2019-07-11 15:08:03,103 - cortix - INFO - Launching Module <__main__.BouncingBall object at 0x0000014AB725EF28>
2019-07-11 15:08:03,763 - cortix - INFO - Launching Module <__main__.BouncingBall object at 0x0000014AB725EF98>
2019-07-11 15:08:04,553 - cortix - INFO - Launching Module <__main__.BouncingBall object at 0x0000014AB725EFD0>
2019-07-11 15:08:26,099 - cortix - INFO - Created Cortix object
2019-07-11 15:08:26,489 - cortix - INFO - Launching Module <__main__.BouncingBall object at 0x000001E2EA63CDD8>
2019-07-11 15:08:27,228 - cortix - INFO - Launching Module <__main__.BouncingBall object at 0x000001E2E9CEF780>
2019-07-11 15:08:28,248 - cortix - INFO - Launching Module <__main__.BouncingBall object at 0x000001E2E9EAA908>
2019-07-11 15:08:29,027 - cortix - INFO - Launching Module <__main__.BouncingBall object at 0x000001E2EA42D5F8>
2019-07-11 15:08:29,777 - cortix - INFO - Launching Module <__main__.BouncingBall object at 0x000001E2EA6427B8>
2019-07-11 15:08:30,476 - cortix - INFO - Launching Module <__main__.BouncingBall object at 0x000001E2EA6A4400>
2019-07-11 15:08:31,156 - cortix - INFO - Launching Module <__main__.BouncingBall object at 0x000001E2EA6A4438>
2019-07-11 15:08:31,916 - cortix - INFO - Launching Module <__main__.BouncingBall object at 0x000001E2EA6A44A8>
2019-07-11 15:08:32,915 - cortix - INFO - Launching Module <__main__.BouncingBall object at 0x000001E2EA6A44E0>
2019-07-11 15:08:33,915 - cortix - INFO - Launching Module <__main__.BouncingBall object at 0x000001E2EA6A4518>
2019-07-11 15:09:51,869 - cortix - INFO - Created Cortix object
2019-07-11 15:09:52,239 - cortix - INFO - Launching Module <__main__.BouncingBall object at 0x000001F01F64F710>
2019-07-11 15:09:52,809 - cortix - INFO - Launching Module <__main__.BouncingBall object at 0x000001F018209F60>
2019-07-11 15:09:53,299 - cortix - INFO - Launching Module <__main__.BouncingBall object at 0x000001F01FD064A8>
2019-07-11 15:09:53,916 - cortix - INFO - Launching Module <__main__.BouncingBall object at 0x000001F01FF94F60>
2019-07-11 15:09:54,596 - cortix - INFO - Launching Module <__main__.BouncingBall object at 0x000001F01FF5CE10>
2019-07-11 15:09:55,365 - cortix - INFO - Launching Module <__main__.BouncingBall object at 0x000001F0200044A8>
2019-07-11 15:09:55,875 - cortix - INFO - Launching Module <__main__.BouncingBall object at 0x000001F0200044E0>
2019-07-11 15:09:56,435 - cortix - INFO - Launching Module <__main__.BouncingBall object at 0x000001F020004550>
2019-07-11 15:09:57,024 - cortix - INFO - Launching Module <__main__.BouncingBall object at 0x000001F020004588>
2019-07-11 15:09:57,534 - cortix - INFO - Launching Module <__main__.BouncingBall object at 0x000001F0200045C0>
2019-07-11 15:10:45,928 - cortix - INFO - Created Cortix object
2019-07-11 15:10:46,188 - cortix - INFO - Launching Module <__main__.BouncingBall object at 0x00000216A7AFC6A0>
2019-07-11 15:10:46,688 - cortix - INFO - Launching Module <__main__.BouncingBall object at 0x000002169FD56FD0>
2019-07-11 15:10:47,297 - cortix - INFO - Launching Module <__main__.BouncingBall object at 0x00000216A7879DD8>
2019-07-11 15:10:47,747 - cortix - INFO - Launching Module <__main__.BouncingBall object at 0x00000216A7C5AEF0>
2019-07-11 15:10:48,207 - cortix - INFO - Launching Module <__main__.BouncingBall object at 0x00000216A7C5ADA0>
2019-07-11 15:10:48,683 - cortix - INFO - Launching Module <__main__.BouncingBall object at 0x00000216A7CA31D0>
2019-07-11 15:10:49,223 - cortix - INFO - Launching Module <__main__.BouncingBall object at 0x00000216A7D01710>
2019-07-11 15:10:49,832 - cortix - INFO - Launching Module <__main__.BouncingBall object at 0x00000216A7D01748>
2019-07-11 15:10:50,302 - cortix - INFO - Launching Module <__main__.BouncingBall object at 0x00000216A7D017B8>
2019-07-11 15:10:50,762 - cortix - INFO - Launching Module <__main__.BouncingBall object at 0x00000216A7D017F0>
2019-07-11 15:11:19,272 - cortix - INFO - Created Cortix object
2019-07-11 15:11:19,542 - cortix - INFO - Launching Module <__main__.BouncingBall object at 0x000001BAAD21E358>
2019-07-11 15:11:20,041 - cortix - INFO - Launching Module <__main__.BouncingBall object at 0x000001BAA54D8B38>
2019-07-11 15:11:20,571 - cortix - INFO - Launching Module <__main__.BouncingBall object at 0x000001BAACADAFD0>
2019-07-11 15:11:21,161 - cortix - INFO - Launching Module <__main__.BouncingBall object at 0x000001BAACAF00F0>
2019-07-11 15:11:21,840 - cortix - INFO - Launching Module <__main__.BouncingBall object at 0x000001BAAD272A20>
2019-07-11 15:11:22,630 - cortix - INFO - Launching Module <__main__.BouncingBall object at 0x000001BAAD2D1668>
2019-07-11 15:11:23,519 - cortix - INFO - Launching Module <__main__.BouncingBall object at 0x000001BAAD2D16A0>
2019-07-11 15:11:24,479 - cortix - INFO - Launching Module <__main__.BouncingBall object at 0x000001BAAD2D1710>
2019-07-11 15:11:25,638 - cortix - INFO - Launching Module <__main__.BouncingBall object at 0x000001BAAD2D1748>
2019-07-11 15:11:26,838 - cortix - INFO - Launching Module <__main__.BouncingBall object at 0x000001BAAD2D1780>
2019-07-11 15:13:17,897 - cortix - INFO - Created Cortix object
2019-07-11 15:13:18,297 - cortix - INFO - Launching Module <__main__.BouncingBall object at 0x000001D41FFF54A8>
2019-07-11 15:13:19,826 - cortix - INFO - Launching Module <__main__.BouncingBall object at 0x000001D420476E48>
2019-07-11 15:13:21,305 - cortix - INFO - Launching Module <__main__.BouncingBall object at 0x000001D4207AD4E0>
2019-07-11 15:13:23,054 - cortix - INFO - Launching Module <__main__.BouncingBall object at 0x000001D42073DAC8>
2019-07-11 15:13:24,903 - cortix - INFO - Launching Module <__main__.BouncingBall object at 0x000001D420952048>
2019-07-11 15:13:26,882 - cortix - INFO - Launching Module <__main__.BouncingBall object at 0x000001D420952940>
2019-07-11 15:13:28,971 - cortix - INFO - Launching Module <__main__.BouncingBall object at 0x000001D4209B44A8>
2019-07-11 15:13:31,080 - cortix - INFO - Launching Module <__main__.BouncingBall object at 0x000001D4209B4550>
2019-07-11 15:13:33,219 - cortix - INFO - Launching Module <__main__.BouncingBall object at 0x000001D4209B44E0>
2019-07-11 15:13:35,697 - cortix - INFO - Launching Module <__main__.BouncingBall object at 0x000001D4209B4518>
2019-07-11 15:13:45,992 - cortix - INFO - Created Cortix object
2019-07-11 15:13:46,562 - cortix - INFO - Launching Module <__main__.BouncingBall object at 0x0000020DEA485748>
2019-07-11 15:13:49,030 - cortix - INFO - Launching Module <__main__.BouncingBall object at 0x0000020DEA4D5FD0>
2019-07-11 15:13:52,208 - cortix - INFO - Launching Module <__main__.BouncingBall object at 0x0000020DE26125C0>
2019-07-11 15:13:55,097 - cortix - INFO - Launching Module <__main__.BouncingBall object at 0x0000020DEA2CEC50>
2019-07-11 15:13:58,285 - cortix - INFO - Launching Module <__main__.BouncingBall object at 0x0000020DE2E7D208>
2019-07-11 15:14:01,314 - cortix - INFO - Launching Module <__main__.BouncingBall object at 0x0000020DEA544400>
2019-07-11 15:14:04,792 - cortix - INFO - Launching Module <__main__.BouncingBall object at 0x0000020DEA544438>
2019-07-11 15:14:08,210 - cortix - INFO - Launching Module <__main__.BouncingBall object at 0x0000020DEA5444A8>
2019-07-11 15:14:27,299 - cortix - INFO - Created Cortix object
2019-07-11 15:14:27,888 - cortix - INFO - Launching Module <__main__.BouncingBall object at 0x0000018B1325F8D0>
2019-07-11 15:14:31,387 - cortix - INFO - Launching Module <__main__.BouncingBall object at 0x0000018B1381D7F0>
2019-07-11 15:14:35,245 - cortix - INFO - Launching Module <__main__.BouncingBall object at 0x0000018B1381D9B0>
2019-07-11 15:14:38,693 - cortix - INFO - Launching Module <__main__.BouncingBall object at 0x0000018B1381DDA0>
2019-07-11 15:14:42,381 - cortix - INFO - Launching Module <__main__.BouncingBall object at 0x0000018B1381DA20>
2019-07-11 15:14:46,509 - cortix - INFO - Launching Module <__main__.BouncingBall object at 0x0000018B1388B898>
2019-07-11 15:14:50,666 - cortix - INFO - Launching Module <__main__.BouncingBall object at 0x0000018B13A8F630>
2019-07-11 15:14:55,001 - cortix - INFO - Launching Module <__main__.BouncingBall object at 0x0000018B13A8F6D8>
2019-07-11 15:14:59,839 - cortix - INFO - Launching Module <__main__.BouncingBall object at 0x0000018B13A8F668>
2019-07-11 15:15:19,814 - cortix - INFO - Launching Module <__main__.BouncingBall object at 0x0000018B13A8F6A0>
2019-07-11 15:19:45,885 - cortix - INFO - Created Cortix object
2019-07-11 15:19:46,315 - cortix - INFO - Launching Module <__main__.BouncingBall object at 0x0000027F7F823B70>
2019-07-11 15:19:46,814 - cortix - INFO - Launching Module <__main__.BouncingBall object at 0x0000027F7FA6F588>
2019-07-11 15:19:47,664 - cortix - INFO - Launching Module <__main__.BouncingBall object at 0x0000027F7FBA0630>
2019-07-11 15:19:48,524 - cortix - INFO - Launching Module <__main__.BouncingBall object at 0x0000027F7FBA0EB8>
2019-07-11 15:20:13,529 - cortix - INFO - Created Cortix object
2019-07-11 15:20:13,616 - cortix - INFO - Launching Module <__main__.BouncingBall object at 0x00000214EA5C05C0>
2019-07-11 15:20:14,355 - cortix - INFO - Launching Module <__main__.BouncingBall object at 0x00000214EA5C0F60>
2019-07-11 15:20:15,181 - cortix - INFO - Launching Module <__main__.BouncingBall object at 0x00000214EA5C0940>
2019-07-11 15:20:15,886 - cortix - INFO - Launching Module <__main__.BouncingBall object at 0x00000214EA5C0F98>
2019-07-11 15:20:16,585 - cortix - INFO - Launching Module <__main__.BouncingBall object at 0x00000214EA5C0FD0>
2019-07-11 15:22:29,764 - cortix - INFO - Created Cortix object
2019-07-11 15:22:29,844 - cortix - INFO - Launching Module <__main__.BouncingBall object at 0x0000029AB83E5668>
2019-07-11 15:22:30,344 - cortix - INFO - Launching Module <__main__.BouncingBall object at 0x0000029AB8BD6E10>
2019-07-11 15:22:30,924 - cortix - INFO - Launching Module <__main__.BouncingBall object at 0x0000029AB8918F28>
2019-07-11 15:22:31,474 - cortix - INFO - Launching Module <__main__.BouncingBall object at 0x0000029AB8918FD0>
2019-07-11 15:22:31,943 - cortix - INFO - Launching Module <__main__.BouncingBall object at 0x0000029AB8567A20>
2019-07-11 15:24:24,787 - cortix - INFO - Created Cortix object
2019-07-11 15:24:24,857 - cortix - INFO - Launching Module <__main__.BouncingBall object at 0x00000165B2831D30>
2019-07-11 15:24:25,317 - cortix - INFO - Launching Module <__main__.BouncingBall object at 0x00000165B13B0588>
2019-07-11 15:24:25,907 - cortix - INFO - Launching Module <__main__.BouncingBall object at 0x00000165B2B92E10>
2019-07-11 15:24:26,466 - cortix - INFO - Launching Module <__main__.BouncingBall object at 0x00000165B2B92588>
2019-07-11 15:24:27,106 - cortix - INFO - Launching Module <__main__.BouncingBall object at 0x00000165B2B92E48>
2019-07-11 15:26:18,512 - cortix - INFO - Created Cortix object
2019-07-11 15:26:18,602 - cortix - INFO - Launching Module <__main__.BouncingBall object at 0x000002C0E4608C18>
2019-07-11 15:26:19,141 - cortix - INFO - Launching Module <__main__.BouncingBall object at 0x000002C0E43C1DA0>
2019-07-11 15:26:19,641 - cortix - INFO - Launching Module <__main__.BouncingBall object at 0x000002C0E47225C0>
2019-07-11 15:26:20,141 - cortix - INFO - Launching Module <__main__.BouncingBall object at 0x000002C0E4722E48>
2019-07-11 15:26:20,611 - cortix - INFO - Launching Module <__main__.BouncingBall object at 0x000002C0E4722E80>
2019-07-11 15:27:27,968 - cortix - INFO - Created Cortix object
2019-07-11 15:27:28,028 - cortix - INFO - Launching Module <__main__.BouncingBall object at 0x000001E526A522B0>
2019-07-11 15:27:28,518 - cortix - INFO - Launching Module <__main__.BouncingBall object at 0x000001E526B61EF0>
2019-07-11 15:27:29,088 - cortix - INFO - Launching Module <__main__.BouncingBall object at 0x000001E526B61668>
2019-07-11 15:27:59,532 - cortix - INFO - Created Cortix object
2019-07-11 15:27:59,612 - cortix - INFO - Launching Module <__main__.BouncingBall object at 0x000001BF766CCF98>
2019-07-11 15:28:00,462 - cortix - INFO - Launching Module <__main__.BouncingBall object at 0x000001BF6E6194E0>
2019-07-11 15:28:01,145 - cortix - INFO - Launching Module <__main__.BouncingBall object at 0x000001BF767D1CC0>
2019-07-11 15:28:01,822 - cortix - INFO - Launching Module <__main__.BouncingBall object at 0x000001BF767D13C8>
2019-07-11 15:28:02,651 - cortix - INFO - Launching Module <__main__.BouncingBall object at 0x000001BF767D1CF8>
2019-07-11 15:30:18,921 - cortix - INFO - Created Cortix object
2019-07-11 15:30:19,001 - cortix - INFO - Launching Module <__main__.BouncingBall object at 0x000001255EEA8E48>
2019-07-11 15:30:19,470 - cortix - INFO - Launching Module <__main__.BouncingBall object at 0x000001255EB27860>
2019-07-11 15:30:19,940 - cortix - INFO - Launching Module <__main__.BouncingBall object at 0x000001255EEA89B0>
2019-07-11 15:30:20,420 - cortix - INFO - Launching Module <__main__.BouncingBall object at 0x000001255EEA8BA8>
2019-07-11 15:30:20,880 - cortix - INFO - Launching Module <__main__.BouncingBall object at 0x000001255F058BE0>
2019-07-11 15:32:00,215 - cortix - INFO - Created Cortix object
2019-07-11 15:32:00,285 - cortix - INFO - Launching Module <__main__.BouncingBall object at 0x000002C972D86EB8>
2019-07-11 15:32:00,885 - cortix - INFO - Launching Module <__main__.BouncingBall object at 0x000002C972AE2C18>
2019-07-11 15:32:01,414 - cortix - INFO - Launching Module <__main__.BouncingBall object at 0x000002C972D92898>
2019-07-11 15:32:02,004 - cortix - INFO - Launching Module <__main__.BouncingBall object at 0x000002C972D92860>
2019-07-11 15:32:02,634 - cortix - INFO - Launching Module <__main__.BouncingBall object at 0x000002C972D92908>
2019-07-11 15:32:59,625 - cortix - INFO - Created Cortix object
2019-07-11 15:32:59,695 - cortix - INFO - Launching Module <__main__.BouncingBall object at 0x0000026308809A20>
2019-07-11 15:33:00,264 - cortix - INFO - Launching Module <__main__.BouncingBall object at 0x0000026308921D30>
2019-07-11 15:33:00,744 - cortix - INFO - Launching Module <__main__.BouncingBall object at 0x00000263089213C8>
2019-07-11 15:33:01,264 - cortix - INFO - Launching Module <__main__.BouncingBall object at 0x0000026308921D68>
2019-07-11 15:33:01,754 - cortix - INFO - Launching Module <__main__.BouncingBall object at 0x0000026308921DD8>
2019-07-11 15:33:21,465 - cortix - INFO - Created Cortix object
2019-07-11 15:33:21,545 - cortix - INFO - Launching Module <__main__.BouncingBall object at 0x000001F566B44588>
2019-07-11 15:33:22,154 - cortix - INFO - Launching Module <__main__.BouncingBall object at 0x000001F566B441D0>
2019-07-11 15:33:22,764 - cortix - INFO - Launching Module <__main__.BouncingBall object at 0x000001F566B59358>
2019-07-11 15:33:23,484 - cortix - INFO - Launching Module <__main__.BouncingBall object at 0x000001F566C506D8>
2019-07-11 15:33:24,223 - cortix - INFO - Launching Module <__main__.BouncingBall object at 0x000001F566C50F60>
2019-07-11 15:42:49,012 - cortix - INFO - Created Cortix object
2019-07-11 15:42:49,092 - cortix - INFO - Launching Module <__main__.BouncingBall object at 0x000001A14DCDE2E8>
2019-07-11 15:42:49,692 - cortix - INFO - Launching Module <__main__.BouncingBall object at 0x000001A14D909DA0>
2019-07-11 15:42:50,192 - cortix - INFO - Launching Module <__main__.BouncingBall object at 0x000001A14DB1C668>
2019-07-11 15:42:50,881 - cortix - INFO - Launching Module <__main__.BouncingBall object at 0x000001A14DB1C828>
2019-07-11 15:42:51,391 - cortix - INFO - Launching Module <__main__.BouncingBall object at 0x000001A14DA82B70>
2019-07-11 15:43:19,307 - cortix - INFO - Created Cortix object
2019-07-11 15:43:19,377 - cortix - INFO - Launching Module <__main__.BouncingBall object at 0x00000190DF3532B0>
2019-07-11 15:43:19,897 - cortix - INFO - Launching Module <__main__.BouncingBall object at 0x00000190DEE14588>
2019-07-11 15:43:20,365 - cortix - INFO - Launching Module <__main__.BouncingBall object at 0x00000190DF461A20>
2019-07-11 15:43:20,915 - cortix - INFO - Launching Module <__main__.BouncingBall object at 0x00000190DF4616A0>
2019-07-11 15:43:21,435 - cortix - INFO - Launching Module <__main__.BouncingBall object at 0x00000190DF479048>
2019-07-11 15:44:41,057 - cortix - INFO - Created Cortix object
2019-07-11 15:44:41,127 - cortix - INFO - Launching Module <__main__.BouncingBall object at 0x0000027C31F91CF8>
2019-07-11 15:44:41,717 - cortix - INFO - Launching Module <__main__.BouncingBall object at 0x0000027C322F1F98>
2019-07-11 15:44:42,207 - cortix - INFO - Launching Module <__main__.BouncingBall object at 0x0000027C322F1630>
2019-07-11 15:44:42,806 - cortix - INFO - Launching Module <__main__.BouncingBall object at 0x0000027C322F1FD0>
2019-07-11 15:44:43,326 - cortix - INFO - Launching Module <__main__.BouncingBall object at 0x0000027C310D1780>
2019-07-11 15:47:55,351 - cortix - INFO - Created Cortix object
2019-07-11 15:47:55,441 - cortix - INFO - Launching Module <__main__.BouncingBall object at 0x000001AF3C35F198>
2019-07-11 15:47:56,001 - cortix - INFO - Launching Module <__main__.BouncingBall object at 0x000001AF3C102BA8>
2019-07-11 15:47:56,620 - cortix - INFO - Launching Module <__main__.BouncingBall object at 0x000001AF3C19D6A0>
2019-07-11 15:47:57,310 - cortix - INFO - Launching Module <__main__.BouncingBall object at 0x000001AF3C3B28D0>
2019-07-11 15:47:57,910 - cortix - INFO - Launching Module <__main__.BouncingBall object at 0x000001AF3C3B2908>
2019-07-11 15:48:12,172 - cortix - INFO - Created Cortix object
2019-07-11 15:48:12,252 - cortix - INFO - Launching Module <__main__.BouncingBall object at 0x000001A39D0436A0>
2019-07-11 15:48:12,832 - cortix - INFO - Launching Module <__main__.BouncingBall object at 0x000001A39CE89D30>
2019-07-11 15:48:13,341 - cortix - INFO - Launching Module <__main__.BouncingBall object at 0x000001A39CB077B8>
2019-07-11 15:48:13,971 - cortix - INFO - Launching Module <__main__.BouncingBall object at 0x000001A394EE5588>
2019-07-11 15:48:14,451 - cortix - INFO - Launching Module <__main__.BouncingBall object at 0x000001A39D151F28>
2019-07-11 15:49:37,676 - cortix - INFO - Created Cortix object
2019-07-11 15:49:37,776 - cortix - INFO - Launching Module <__main__.BouncingBall object at 0x0000022B42491DA0>
2019-07-11 15:49:38,476 - cortix - INFO - Launching Module <__main__.BouncingBall object at 0x0000022B42529B70>
2019-07-11 15:49:39,156 - cortix - INFO - Launching Module <__main__.BouncingBall object at 0x0000022B3A5655F8>
2019-07-11 15:49:39,925 - cortix - INFO - Launching Module <__main__.BouncingBall object at 0x0000022B415D16D8>
2019-07-11 15:49:40,645 - cortix - INFO - Launching Module <__main__.BouncingBall object at 0x0000022B427F1400>
2019-07-11 15:50:22,912 - cortix - INFO - Created Cortix object
2019-07-11 15:50:22,992 - cortix - INFO - Launching Module <__main__.BouncingBall object at 0x00000166F220F978>
2019-07-11 15:50:23,622 - cortix - INFO - Launching Module <__main__.BouncingBall object at 0x00000166F3159C18>
2019-07-11 15:50:24,211 - cortix - INFO - Launching Module <__main__.BouncingBall object at 0x00000166F3159B38>
2019-07-11 15:50:24,851 - cortix - INFO - Launching Module <__main__.BouncingBall object at 0x00000166F3421E10>
2019-07-11 15:50:25,671 - cortix - INFO - Launching Module <__main__.BouncingBall object at 0x00000166F3421E48>
2019-07-11 15:51:53,436 - cortix - INFO - Created Cortix object
2019-07-11 15:51:53,576 - cortix - INFO - Launching Module <__main__.BouncingBall object at 0x000001E08C4455C0>
2019-07-11 15:51:54,226 - cortix - INFO - Launching Module <__main__.BouncingBall object at 0x000001E084E17978>
2019-07-11 15:51:54,926 - cortix - INFO - Launching Module <__main__.BouncingBall object at 0x000001E08CB06898>
2019-07-11 15:51:55,565 - cortix - INFO - Launching Module <__main__.BouncingBall object at 0x000001E08CDA28D0>
2019-07-11 15:51:56,325 - cortix - INFO - Launching Module <__main__.BouncingBall object at 0x000001E08CDA2940>
2019-07-11 15:52:02,941 - cortix - INFO - Created Cortix object
2019-07-11 15:52:03,091 - cortix - INFO - Launching Module <__main__.BouncingBall object at 0x000001E242769860>
2019-07-11 15:52:03,651 - cortix - INFO - Launching Module <__main__.BouncingBall object at 0x000001E24181E940>
2019-07-11 15:52:04,251 - cortix - INFO - Launching Module <__main__.BouncingBall object at 0x000001E242A32DD8>
2019-07-11 15:52:04,920 - cortix - INFO - Launching Module <__main__.BouncingBall object at 0x000001E242A32E10>
2019-07-11 15:52:05,470 - cortix - INFO - Launching Module <__main__.BouncingBall object at 0x000001E242A32E80>
2019-07-11 15:53:52,352 - cortix - INFO - Created Cortix object
2019-07-11 15:53:52,422 - cortix - INFO - Launching Module <__main__.BouncingBall object at 0x0000027C61F14198>
2019-07-11 15:53:53,012 - cortix - INFO - Launching Module <__main__.BouncingBall object at 0x0000027C61D6D630>
2019-07-11 15:53:53,661 - cortix - INFO - Launching Module <__main__.BouncingBall object at 0x0000027C61D6D550>
2019-07-11 15:53:56,650 - cortix - INFO - Created Cortix object
2019-07-11 15:53:56,740 - cortix - INFO - Launching Module <__main__.BouncingBall object at 0x000001089BD01588>
2019-07-11 15:53:57,359 - cortix - INFO - Launching Module <__main__.BouncingBall object at 0x0000010894CCD278>
2019-07-11 15:53:57,909 - cortix - INFO - Launching Module <__main__.BouncingBall object at 0x000001089CF22DD8>
2019-07-11 15:53:58,549 - cortix - INFO - Launching Module <__main__.BouncingBall object at 0x000001089CF22550>
2019-07-11 15:53:59,208 - cortix - INFO - Launching Module <__main__.BouncingBall object at 0x000001089CF22E10>
2019-07-11 15:54:23,656 - cortix - INFO - Created Cortix object
2019-07-11 15:54:23,756 - cortix - INFO - Launching Module <__main__.BouncingBall object at 0x000001F3533883C8>
2019-07-11 15:54:24,306 - cortix - INFO - Launching Module <__main__.BouncingBall object at 0x000001F3545F1F28>
2019-07-11 15:54:24,856 - cortix - INFO - Launching Module <__main__.BouncingBall object at 0x000001F3545F16A0>
2019-07-11 15:54:25,405 - cortix - INFO - Launching Module <__main__.BouncingBall object at 0x000001F3545F1F60>
2019-07-11 15:54:26,005 - cortix - INFO - Launching Module <__main__.BouncingBall object at 0x000001F3545F1FD0>
2019-07-11 15:55:43,501 - cortix - INFO - Created Cortix object
2019-07-11 15:55:43,591 - cortix - INFO - Launching Module <__main__.BouncingBall object at 0x000001B4D0361A58>
2019-07-11 15:55:44,141 - cortix - INFO - Launching Module <__main__.BouncingBall object at 0x000001B4D00989B0>
2019-07-11 15:55:44,790 - cortix - INFO - Launching Module <__main__.BouncingBall object at 0x000001B4D0098A90>
2019-07-11 15:55:45,330 - cortix - INFO - Launching Module <__main__.BouncingBall object at 0x000001B4CFC80898>
2019-07-11 15:55:45,890 - cortix - INFO - Launching Module <__main__.BouncingBall object at 0x000001B4D0379048>
2019-07-11 15:56:27,921 - cortix - INFO - Created Cortix object
2019-07-11 15:56:28,161 - cortix - INFO - Launching Module <__main__.BouncingBall object at 0x000001271C8E3C18>
2019-07-11 15:56:28,910 - cortix - INFO - Launching Module <__main__.BouncingBall object at 0x000001271CB929E8>
2019-07-11 15:56:31,819 - cortix - INFO - Created Cortix object
2019-07-11 15:56:32,129 - cortix - INFO - Launching Module <__main__.BouncingBall object at 0x00000216741A3278>
2019-07-11 15:56:32,828 - cortix - INFO - Launching Module <__main__.BouncingBall object at 0x00000216742B1FD0>
2019-07-11 15:56:33,578 - cortix - INFO - Launching Module <__main__.BouncingBall object at 0x00000216742B1668>
2019-07-11 15:56:34,337 - cortix - INFO - Launching Module <__main__.BouncingBall object at 0x0000021673F51DA0>
2019-07-11 15:56:35,087 - cortix - INFO - Launching Module <__main__.BouncingBall object at 0x0000021673FE99B0>
2019-07-11 15:56:55,023 - cortix - INFO - Created Cortix object
2019-07-11 15:56:59,313 - cortix - INFO - Created Cortix object
2019-07-11 15:56:59,504 - cortix - INFO - Launching Module <__main__.BouncingBall object at 0x00000273938AE4A8>
2019-07-11 15:57:00,186 - cortix - INFO - Launching Module <__main__.BouncingBall object at 0x00000273939F8C18>
2019-07-11 15:57:00,988 - cortix - INFO - Launching Module <__main__.BouncingBall object at 0x0000027393848CC0>
2019-07-11 15:57:01,804 - cortix - INFO - Launching Module <__main__.BouncingBall object at 0x0000027393B116D8>
2019-07-11 15:57:02,500 - cortix - INFO - Launching Module <__main__.BouncingBall object at 0x0000027393B11F60>
2019-07-11 16:13:20,742 - cortix - INFO - Created Cortix object
2019-07-11 16:13:21,337 - cortix - INFO - Launching Module <bb_plot.Plot object at 0x000001B7719B5E10>
2019-07-11 16:13:21,381 - cortix - INFO - Launching Module <__main__.BouncingBall object at 0x000001B7719729B0>
2019-07-11 16:13:21,913 - cortix - INFO - Launching Module <__main__.BouncingBall object at 0x000001B771972A58>
2019-07-11 16:13:22,609 - cortix - INFO - Launching Module <__main__.BouncingBall object at 0x000001B7719729E8>
2019-07-11 16:13:23,077 - cortix - INFO - Launching Module <__main__.BouncingBall object at 0x000001B7719D2080>
2019-07-11 16:13:23,617 - cortix - INFO - Launching Module <__main__.BouncingBall object at 0x000001B7719D2668>
2019-07-11 16:13:34,669 - cortix - INFO - Created Cortix object
2019-07-11 16:13:34,939 - cortix - INFO - Launching Module <bb_plot.Plot object at 0x000001D7D20D1CC0>
2019-07-11 16:13:35,016 - cortix - INFO - Launching Module <__main__.BouncingBall object at 0x000001D7D21CF6D8>
2019-07-11 16:13:35,582 - cortix - INFO - Launching Module <__main__.BouncingBall object at 0x000001D7D2431F60>
2019-07-11 16:13:36,054 - cortix - INFO - Launching Module <__main__.BouncingBall object at 0x000001D7D2431F98>
2019-07-11 16:13:36,512 - cortix - INFO - Launching Module <__main__.BouncingBall object at 0x000001D7D244F400>
2019-07-11 16:13:37,008 - cortix - INFO - Launching Module <__main__.BouncingBall object at 0x000001D7D2480668>
2019-07-11 16:15:26,653 - cortix - INFO - Created Cortix object
2019-07-11 16:15:26,881 - cortix - INFO - Launching Module <bb_plot.Plot object at 0x0000026BF7D30F98>
2019-07-11 16:15:26,921 - cortix - INFO - Launching Module <__main__.BouncingBall object at 0x0000026BF7A6A9B0>
2019-07-11 16:15:27,450 - cortix - INFO - Launching Module <__main__.BouncingBall object at 0x0000026BF7D4F400>
2019-07-11 16:15:27,930 - cortix - INFO - Launching Module <__main__.BouncingBall object at 0x0000026BF6CEF5F8>
2019-07-11 16:15:28,431 - cortix - INFO - Launching Module <__main__.BouncingBall object at 0x0000026BF79D1CC0>
2019-07-11 16:15:28,960 - cortix - INFO - Launching Module <__main__.BouncingBall object at 0x0000026BF7D805F8>
2019-07-11 16:17:43,306 - cortix - INFO - Created Cortix object
2019-07-11 16:17:43,510 - cortix - INFO - Launching Module <bb_plot.Plot object at 0x000002D7F16B0FD0>
2019-07-11 16:17:43,548 - cortix - INFO - Launching Module <__main__.BouncingBall object at 0x000002D7F16F0438>
2019-07-11 16:17:44,076 - cortix - INFO - Launching Module <__main__.BouncingBall object at 0x000002D7F1351CC0>
2019-07-11 16:17:44,538 - cortix - INFO - Launching Module <__main__.BouncingBall object at 0x000002D7F16FF6A0>
2019-07-11 16:17:45,004 - cortix - INFO - Launching Module <__main__.BouncingBall object at 0x000002D7F16FF6D8>
2019-07-11 16:17:45,457 - cortix - INFO - Launching Module <__main__.BouncingBall object at 0x000002D7F16FF710>
2019-07-11 16:18:05,344 - cortix - INFO - Created Cortix object
2019-07-11 16:18:05,609 - cortix - INFO - Launching Module <bb_plot.Plot object at 0x000002A5DCDD0FD0>
2019-07-11 16:18:05,648 - cortix - INFO - Launching Module <__main__.BouncingBall object at 0x000002A5DCB6F908>
2019-07-11 16:18:06,166 - cortix - INFO - Launching Module <__main__.BouncingBall object at 0x000002A5DBBB2668>
2019-07-11 16:18:06,650 - cortix - INFO - Launching Module <__main__.BouncingBall object at 0x000002A5DBBB2630>
2019-07-11 16:18:07,123 - cortix - INFO - Launching Module <__main__.BouncingBall object at 0x000002A5DCE10400>
2019-07-11 16:18:07,930 - cortix - INFO - Launching Module <__main__.BouncingBall object at 0x000002A5DCE20668>
2019-07-11 16:19:30,645 - cortix - INFO - Created Cortix object
2019-07-11 16:19:30,797 - cortix - INFO - Launching Module <bb_plot.Plot object at 0x00000258D8630470>
2019-07-11 16:19:30,829 - cortix - INFO - Launching Module <__main__.BouncingBall object at 0x00000258D8608048>
2019-07-11 16:19:31,333 - cortix - INFO - Launching Module <__main__.BouncingBall object at 0x00000258D86080B8>
2019-07-11 16:19:31,860 - cortix - INFO - Launching Module <__main__.BouncingBall object at 0x00000258D863F6A0>
2019-07-11 16:19:32,434 - cortix - INFO - Launching Module <__main__.BouncingBall object at 0x00000258D863F6D8>
2019-07-11 16:19:32,877 - cortix - INFO - Launching Module <__main__.BouncingBall object at 0x00000258D863F710>
2019-07-11 16:20:56,103 - cortix - INFO - Created Cortix object
2019-07-11 16:20:56,427 - cortix - INFO - Launching Module <bb_plot.Plot object at 0x0000019E083E1FD0>
2019-07-11 16:20:56,492 - cortix - INFO - Launching Module <__main__.BouncingBall object at 0x0000019E083F7080>
2019-07-11 16:20:57,044 - cortix - INFO - Launching Module <__main__.BouncingBall object at 0x0000019E07D95A90>
2019-07-11 16:20:57,562 - cortix - INFO - Launching Module <__main__.BouncingBall object at 0x0000019E0817E9B0>
2019-07-11 16:20:58,091 - cortix - INFO - Launching Module <__main__.BouncingBall object at 0x0000019E08420470>
2019-07-11 16:20:58,588 - cortix - INFO - Launching Module <__main__.BouncingBall object at 0x0000019E08430668>
2019-07-11 16:21:58,016 - cortix - INFO - Created Cortix object
2019-07-11 16:21:58,157 - cortix - INFO - Launching Module <bb_plot.Plot object at 0x0000027BADB26A20>
2019-07-11 16:21:58,192 - cortix - INFO - Launching Module <__main__.BouncingBall object at 0x0000027BAE1871D0>
2019-07-11 16:21:58,754 - cortix - INFO - Launching Module <__main__.BouncingBall object at 0x0000027BAE187240>
2019-07-11 16:22:30,945 - cortix - INFO - Created Cortix object
2019-07-11 16:22:31,196 - cortix - INFO - Launching Module <bb_plot.Plot object at 0x000001D02DA75128>
2019-07-11 16:22:31,228 - cortix - INFO - Launching Module <__main__.BouncingBall object at 0x000001D02DA2EA20>
2019-07-11 16:22:31,786 - cortix - INFO - Launching Module <__main__.BouncingBall object at 0x000001D02DCA7160>
2019-07-11 16:22:32,270 - cortix - INFO - Launching Module <__main__.BouncingBall object at 0x000001D02DCA7208>
2019-07-11 16:22:32,730 - cortix - INFO - Launching Module <__main__.BouncingBall object at 0x000001D02DCA7198>
2019-07-11 16:22:33,200 - cortix - INFO - Launching Module <__main__.BouncingBall object at 0x000001D02DCD05F8>
2019-07-11 16:23:11,360 - cortix - INFO - Created Cortix object
2019-07-11 16:23:11,686 - cortix - INFO - Launching Module <bb_plot.Plot object at 0x0000023159221668>
2019-07-11 16:23:11,732 - cortix - INFO - Launching Module <__main__.BouncingBall object at 0x0000023159221F28>
2019-07-11 16:23:12,256 - cortix - INFO - Launching Module <__main__.BouncingBall object at 0x0000023159221EF0>
2019-07-11 16:23:12,826 - cortix - INFO - Launching Module <__main__.BouncingBall object at 0x0000023159221F98>
2019-07-11 16:23:13,299 - cortix - INFO - Launching Module <__main__.BouncingBall object at 0x0000023159260390>
2019-07-11 16:23:13,790 - cortix - INFO - Launching Module <__main__.BouncingBall object at 0x0000023159271588>
2019-07-11 16:23:55,339 - cortix - INFO - Created Cortix object
2019-07-11 16:23:55,543 - cortix - INFO - Launching Module <bb_plot.Plot object at 0x000001897FDA59B0>
2019-07-11 16:23:55,643 - cortix - INFO - Launching Module <__main__.BouncingBall object at 0x000001890298EB70>
2019-07-11 16:23:56,230 - cortix - INFO - Launching Module <__main__.BouncingBall object at 0x0000018902C07240>
2019-07-11 16:23:56,789 - cortix - INFO - Launching Module <__main__.BouncingBall object at 0x0000018902929978>
2019-07-11 16:23:57,233 - cortix - INFO - Launching Module <__main__.BouncingBall object at 0x0000018902929AC8>
2019-07-11 16:23:57,834 - cortix - INFO - Launching Module <__main__.BouncingBall object at 0x0000018902C40828>
2019-07-11 16:24:48,030 - cortix - INFO - Created Cortix object
2019-07-11 16:24:48,173 - cortix - INFO - Launching Module <bb_plot.Plot object at 0x000001F6878F1F98>
2019-07-11 16:24:48,222 - cortix - INFO - Launching Module <__main__.BouncingBall object at 0x000001F687930400>
2019-07-11 16:24:48,854 - cortix - INFO - Launching Module <__main__.BouncingBall object at 0x000001F687628D30>
2019-07-11 16:24:49,361 - cortix - INFO - Launching Module <__main__.BouncingBall object at 0x000001F687591CF8>
2019-07-11 16:24:49,821 - cortix - INFO - Launching Module <__main__.BouncingBall object at 0x000001F687941630>
2019-07-11 16:24:50,374 - cortix - INFO - Launching Module <__main__.BouncingBall object at 0x000001F687941668>
2019-07-11 16:26:15,152 - cortix - INFO - Created Cortix object
2019-07-11 16:26:15,432 - cortix - INFO - Launching Module <bb_plot.Plot object at 0x00000275070016A0>
2019-07-11 16:26:15,482 - cortix - INFO - Launching Module <__main__.BouncingBall object at 0x00000275071DF630>
2019-07-11 16:26:16,120 - cortix - INFO - Launching Module <__main__.BouncingBall object at 0x00000275082370B8>
2019-07-11 16:26:16,612 - cortix - INFO - Launching Module <__main__.BouncingBall object at 0x0000027508237048>
2019-07-11 16:26:17,070 - cortix - INFO - Launching Module <__main__.BouncingBall object at 0x00000275082604A8>
2019-07-11 16:26:17,579 - cortix - INFO - Launching Module <__main__.BouncingBall object at 0x0000027508270710>
2019-07-11 16:26:53,027 - cortix - INFO - Created Cortix object
2019-07-11 16:26:53,357 - cortix - INFO - Launching Module <bb_plot.Plot object at 0x0000010EE5F318D0>
2019-07-11 16:26:53,403 - cortix - INFO - Launching Module <__main__.BouncingBall object at 0x0000010EDEEE57B8>
2019-07-11 16:26:53,983 - cortix - INFO - Launching Module <__main__.BouncingBall object at 0x0000010EE7167048>
2019-07-11 16:26:54,448 - cortix - INFO - Launching Module <__main__.BouncingBall object at 0x0000010EE71670B8>
2019-07-11 16:26:54,978 - cortix - INFO - Launching Module <__main__.BouncingBall object at 0x0000010EE71904A8>
2019-07-11 16:26:55,506 - cortix - INFO - Launching Module <__main__.BouncingBall object at 0x0000010EE71A06A0>
2019-07-11 16:27:32,898 - cortix - INFO - Created Cortix object
2019-07-11 16:27:33,215 - cortix - INFO - Launching Module <bb_plot.Plot object at 0x00000255D85B28D0>
2019-07-11 16:27:33,284 - cortix - INFO - Launching Module <__main__.BouncingBall object at 0x00000255D97D1F98>
2019-07-11 16:27:33,802 - cortix - INFO - Launching Module <__main__.BouncingBall object at 0x00000255D97D1FD0>
2019-07-11 16:27:34,380 - cortix - INFO - Launching Module <__main__.BouncingBall object at 0x00000255D9810438>
2019-07-11 16:27:35,052 - cortix - INFO - Launching Module <__main__.BouncingBall object at 0x00000255D98206A0>
2019-07-11 16:27:35,656 - cortix - INFO - Launching Module <__main__.BouncingBall object at 0x00000255D98206D8>
2019-07-11 16:28:11,255 - cortix - INFO - Created Cortix object
2019-07-11 16:28:11,436 - cortix - INFO - Launching Module <bb_plot.Plot object at 0x0000024B412420B8>
2019-07-11 16:28:11,531 - cortix - INFO - Launching Module <__main__.BouncingBall object at 0x0000024B412399B0>
2019-07-11 16:28:12,097 - cortix - INFO - Launching Module <__main__.BouncingBall object at 0x0000024B41239DD8>
2019-07-11 16:28:12,598 - cortix - INFO - Launching Module <__main__.BouncingBall object at 0x0000024B41517160>
2019-07-11 16:28:13,078 - cortix - INFO - Launching Module <__main__.BouncingBall object at 0x0000024B415171D0>
2019-07-11 16:28:13,589 - cortix - INFO - Launching Module <__main__.BouncingBall object at 0x0000024B415173C8>
2019-07-11 16:28:40,926 - cortix - INFO - Created Cortix object
2019-07-11 16:28:41,237 - cortix - INFO - Launching Module <bb_plot.Plot object at 0x000001A6134280F0>
2019-07-11 16:28:41,308 - cortix - INFO - Launching Module <__main__.BouncingBall object at 0x000001A613237978>
2019-07-11 16:28:41,859 - cortix - INFO - Launching Module <__main__.BouncingBall object at 0x000001A61B1D3940>
2019-07-11 16:28:42,392 - cortix - INFO - Launching Module <__main__.BouncingBall object at 0x000001A61B1D39E8>
2019-07-11 16:28:43,694 - cortix - INFO - Launching Module <__main__.BouncingBall object at 0x000001A61B1D3978>
2019-07-11 16:28:44,933 - cortix - INFO - Launching Module <__main__.BouncingBall object at 0x000001A61B2335F8>
2019-07-11 16:28:53,358 - cortix - INFO - Created Cortix object
2019-07-11 16:28:53,689 - cortix - INFO - Launching Module <bb_plot.Plot object at 0x0000022A4DAF9DD8>
2019-07-11 16:28:53,733 - cortix - INFO - Launching Module <__main__.BouncingBall object at 0x0000022A45B33128>
2019-07-11 16:28:54,274 - cortix - INFO - Launching Module <__main__.BouncingBall object at 0x0000022A4CBABBE0>
2019-07-11 16:28:54,750 - cortix - INFO - Launching Module <__main__.BouncingBall object at 0x0000022A4DA6A630>
2019-07-11 16:28:55,316 - cortix - INFO - Launching Module <__main__.BouncingBall object at 0x0000022A4DDC1860>
2019-07-11 16:28:55,767 - cortix - INFO - Launching Module <__main__.BouncingBall object at 0x0000022A4DDD7198>
2019-07-11 16:29:32,938 - cortix - INFO - Created Cortix object
2019-07-11 16:29:33,195 - cortix - INFO - Launching Module <bb_plot.Plot object at 0x00000216EE2E8B00>
2019-07-11 16:29:33,231 - cortix - INFO - Launching Module <__main__.BouncingBall object at 0x00000216EE2E8C50>
2019-07-11 16:29:33,755 - cortix - INFO - Launching Module <__main__.BouncingBall object at 0x00000216EE2E8CC0>
2019-07-11 16:29:34,195 - cortix - INFO - Launching Module <__main__.BouncingBall object at 0x00000216E63F7AC8>
2019-07-11 16:29:34,733 - cortix - INFO - Launching Module <__main__.BouncingBall object at 0x00000216EE5C6240>
2019-07-11 16:29:35,264 - cortix - INFO - Launching Module <__main__.BouncingBall object at 0x00000216EE5C6438>
2019-07-11 16:30:15,999 - cortix - INFO - Created Cortix object
2019-07-11 16:30:16,321 - cortix - INFO - Launching Module <bb_plot.Plot object at 0x000001DBC0601828>
2019-07-11 16:30:16,367 - cortix - INFO - Launching Module <__main__.BouncingBall object at 0x000001DBC03E51D0>
2019-07-11 16:30:16,868 - cortix - INFO - Launching Module <__main__.BouncingBall object at 0x000001DBC039FA20>
2019-07-11 16:30:17,394 - cortix - INFO - Launching Module <__main__.BouncingBall object at 0x000001DBC0338940>
2019-07-11 16:30:17,944 - cortix - INFO - Launching Module <__main__.BouncingBall object at 0x000001DBC0617198>
2019-07-11 16:30:18,399 - cortix - INFO - Launching Module <__main__.BouncingBall object at 0x000001DBC06171D0>
2019-07-11 16:31:27,695 - cortix - INFO - Created Cortix object
2019-07-11 16:31:27,848 - cortix - INFO - Launching Module <bb_plot.Plot object at 0x000001EF355705C0>
2019-07-11 16:31:27,918 - cortix - INFO - Launching Module <__main__.BouncingBall object at 0x000001EF35547160>
2019-07-11 16:31:28,457 - cortix - INFO - Launching Module <__main__.BouncingBall object at 0x000001EF355471D0>
2019-07-11 16:31:28,936 - cortix - INFO - Launching Module <__main__.BouncingBall object at 0x000001EF355807F0>
2019-07-11 16:31:29,407 - cortix - INFO - Launching Module <__main__.BouncingBall object at 0x000001EF35580828>
2019-07-11 16:31:29,979 - cortix - INFO - Launching Module <__main__.BouncingBall object at 0x000001EF35580860>
2019-07-11 16:32:30,981 - cortix - INFO - Created Cortix object
2019-07-11 16:32:31,271 - cortix - INFO - Launching Module <bb_plot.Plot object at 0x0000020D7A138080>
2019-07-11 16:32:31,306 - cortix - INFO - Launching Module <__main__.BouncingBall object at 0x0000020D7A1382E8>
2019-07-11 16:32:31,839 - cortix - INFO - Launching Module <__main__.BouncingBall object at 0x0000020D7A1380F0>
2019-07-11 16:32:32,299 - cortix - INFO - Launching Module <__main__.BouncingBall object at 0x0000020D7A170748>
2019-07-11 16:32:32,816 - cortix - INFO - Launching Module <__main__.BouncingBall object at 0x0000020D7A170780>
2019-07-11 16:32:33,303 - cortix - INFO - Launching Module <__main__.BouncingBall object at 0x0000020D7A1707B8>
2019-07-11 16:33:00,847 - cortix - INFO - Created Cortix object
2019-07-11 16:33:01,018 - cortix - INFO - Launching Module <bb_plot.Plot object at 0x00000212617EF9B0>
2019-07-11 16:33:01,089 - cortix - INFO - Launching Module <__main__.BouncingBall object at 0x0000021261A68128>
2019-07-11 16:33:01,634 - cortix - INFO - Launching Module <__main__.BouncingBall object at 0x0000021261A680B8>
2019-07-11 16:33:02,171 - cortix - INFO - Launching Module <__main__.BouncingBall object at 0x0000021261A90518>
2019-07-11 16:33:02,644 - cortix - INFO - Launching Module <__main__.BouncingBall object at 0x0000021261AA0780>
2019-07-11 16:33:03,108 - cortix - INFO - Launching Module <__main__.BouncingBall object at 0x0000021261AA07B8>
2019-07-11 16:34:01,289 - cortix - INFO - Created Cortix object
2019-07-11 16:34:01,495 - cortix - INFO - Launching Module <bb_plot.Plot object at 0x00000200471AF6D8>
2019-07-11 16:34:01,578 - cortix - INFO - Launching Module <__main__.BouncingBall object at 0x00000200471AF630>
2019-07-11 16:34:02,106 - cortix - INFO - Launching Module <__main__.BouncingBall object at 0x0000020048754AC8>
2019-07-11 16:34:02,579 - cortix - INFO - Launching Module <__main__.BouncingBall object at 0x0000020048DB6320>
2019-07-11 16:34:03,046 - cortix - INFO - Launching Module <__main__.BouncingBall object at 0x0000020048DB62E8>
2019-07-11 16:34:03,535 - cortix - INFO - Launching Module <__main__.BouncingBall object at 0x0000020048DB6438>
2019-07-11 16:35:32,039 - cortix - INFO - Created Cortix object
2019-07-11 16:35:32,358 - cortix - INFO - Launching Module <bb_plot.Plot object at 0x000001A9E6E655C0>
2019-07-11 16:35:32,436 - cortix - INFO - Launching Module <__main__.BouncingBall object at 0x000001A9E74C8128>
2019-07-11 16:35:33,007 - cortix - INFO - Launching Module <__main__.BouncingBall object at 0x000001A9E74C80B8>
2019-07-11 16:35:33,476 - cortix - INFO - Launching Module <__main__.BouncingBall object at 0x000001A9E74C8320>
2019-07-11 16:35:34,112 - cortix - INFO - Launching Module <__main__.BouncingBall object at 0x000001A9E7500748>
2019-07-11 16:35:34,563 - cortix - INFO - Launching Module <__main__.BouncingBall object at 0x000001A9E7500780>
2019-07-11 16:36:34,740 - cortix - INFO - Created Cortix object
2019-07-11 16:36:34,962 - cortix - INFO - Launching Module <bb_plot.Plot object at 0x0000022E68D31908>
2019-07-11 16:36:35,038 - cortix - INFO - Launching Module <__main__.BouncingBall object at 0x0000022E68D471D0>
2019-07-11 16:36:35,549 - cortix - INFO - Launching Module <__main__.BouncingBall object at 0x0000022E68D47198>
2019-07-11 16:36:36,117 - cortix - INFO - Launching Module <__main__.BouncingBall object at 0x0000022E68D47240>
2019-07-11 16:36:36,636 - cortix - INFO - Launching Module <__main__.BouncingBall object at 0x0000022E68D70630>
2019-07-11 16:36:37,135 - cortix - INFO - Launching Module <__main__.BouncingBall object at 0x0000022E68D80898>
2019-07-11 16:37:04,416 - cortix - INFO - Created Cortix object
2019-07-11 16:37:04,690 - cortix - INFO - Launching Module <bb_plot.Plot object at 0x000001B14EFC0208>
2019-07-11 16:37:04,751 - cortix - INFO - Launching Module <__main__.BouncingBall object at 0x000001B147278F28>
2019-07-11 16:37:05,379 - cortix - INFO - Launching Module <__main__.BouncingBall object at 0x000001B14EDFECF8>
2019-07-11 16:38:23,211 - cortix - INFO - Created Cortix object
2019-07-11 16:38:23,354 - cortix - INFO - Launching Module <bb_plot.Plot object at 0x0000027384718048>
2019-07-11 16:38:23,409 - cortix - INFO - Launching Module <__main__.BouncingBall object at 0x00000273847180F0>
2019-07-11 16:38:23,939 - cortix - INFO - Launching Module <__main__.BouncingBall object at 0x0000027384718080>
2019-07-11 16:38:24,396 - cortix - INFO - Launching Module <__main__.BouncingBall object at 0x00000273847404E0>
2019-07-11 16:38:24,914 - cortix - INFO - Launching Module <__main__.BouncingBall object at 0x0000027384752748>
2019-07-11 16:38:25,358 - cortix - INFO - Launching Module <__main__.BouncingBall object at 0x0000027384752780>
2019-07-11 16:40:35,031 - cortix - INFO - Created Cortix object
2019-07-11 16:40:35,185 - cortix - INFO - Launching Module <bb_plot.Plot object at 0x00000288705D6978>
2019-07-11 16:40:35,212 - cortix - INFO - Launching Module <__main__.BouncingBall object at 0x0000028870B2A4E0>
2019-07-11 16:40:35,697 - cortix - INFO - Launching Module <__main__.BouncingBall object at 0x0000028870C380F0>
2019-07-11 16:40:36,238 - cortix - INFO - Launching Module <__main__.BouncingBall object at 0x0000028870C38198>
2019-07-11 16:40:36,745 - cortix - INFO - Launching Module <__main__.BouncingBall object at 0x0000028870C38128>
2019-07-11 16:40:37,302 - cortix - INFO - Launching Module <__main__.BouncingBall object at 0x0000028870C60588>
2019-07-11 16:43:41,743 - cortix - INFO - Created Cortix object
2019-07-11 16:43:42,077 - cortix - INFO - Launching Module <bb_plot.Plot object at 0x000001E3E3BF9B70>
2019-07-11 16:43:42,137 - cortix - INFO - Launching Module <__main__.BouncingBall object at 0x000001E3E2D21B70>
2019-07-11 16:43:42,690 - cortix - INFO - Launching Module <__main__.BouncingBall object at 0x000001E3E3ED7198>
2019-07-11 16:43:43,219 - cortix - INFO - Launching Module <__main__.BouncingBall object at 0x000001E3E3ED7390>
2019-07-11 16:43:43,672 - cortix - INFO - Launching Module <__main__.BouncingBall object at 0x000001E3E3F11828>
2019-07-11 16:43:44,201 - cortix - INFO - Launching Module <__main__.BouncingBall object at 0x000001E3E3F11860>
2019-07-25 14:56:35,575 - cortix - INFO - Created Cortix object
2019-07-25 14:56:36,195 - cortix - INFO - Launching Module <bb_plot.Plot object at 0x0000029A20E9F208>
2019-07-25 14:56:36,475 - cortix - INFO - Launching Module <__main__.BouncingBall object at 0x0000029A20E9F278>
2019-07-25 14:56:37,555 - cortix - INFO - Launching Module <__main__.BouncingBall object at 0x0000029A20E9F1D0>
2019-07-25 14:56:38,515 - cortix - INFO - Launching Module <__main__.BouncingBall object at 0x0000029A20EB5EB8>
2019-07-25 14:56:39,575 - cortix - INFO - Launching Module <__main__.BouncingBall object at 0x0000029A20E9F240>
2019-07-25 14:56:40,693 - cortix - INFO - Launching Module <__main__.BouncingBall object at 0x0000029A20EB5F28>
2019-07-25 15:02:21,604 - cortix - INFO - Created Cortix object
2019-07-25 15:02:21,724 - cortix - INFO - Launching Module <bb_plot.Plot object at 0x00000150A6048898>
2019-07-25 15:02:21,814 - cortix - INFO - Launching Module <__main__.BouncingBall object at 0x00000150A6048940>
2019-07-25 15:02:22,584 - cortix - INFO - Launching Module <__main__.BouncingBall object at 0x00000150A60488D0>
2019-07-25 15:02:23,144 - cortix - INFO - Launching Module <__main__.BouncingBall object at 0x00000150A605FE10>
2019-07-25 15:02:23,744 - cortix - INFO - Launching Module <__main__.BouncingBall object at 0x00000150A6080F98>
2019-07-25 15:02:24,264 - cortix - INFO - Launching Module <__main__.BouncingBall object at 0x00000150A6080FD0>
2019-07-25 15:04:16,107 - cortix - INFO - Created Cortix object
2019-07-25 15:04:16,217 - cortix - INFO - Launching Module <bb_plot.Plot object at 0x0000013C6FE18898>
2019-07-25 15:04:16,287 - cortix - INFO - Launching Module <__main__.BouncingBall object at 0x0000013C6FE18940>
2019-07-25 15:04:16,977 - cortix - INFO - Launching Module <__main__.BouncingBall object at 0x0000013C6FE188D0>
2019-07-25 15:04:17,677 - cortix - INFO - Launching Module <__main__.BouncingBall object at 0x0000013C6FE2FE10>
2019-07-25 15:04:18,397 - cortix - INFO - Launching Module <__main__.BouncingBall object at 0x0000013C6FE50F98>
2019-07-25 15:04:19,097 - cortix - INFO - Launching Module <__main__.BouncingBall object at 0x0000013C6FE50FD0>
2019-07-25 15:04:37,805 - cortix - INFO - Created Cortix object
2019-07-25 15:04:37,915 - cortix - INFO - Launching Module <bb_plot.Plot object at 0x000001A9D134FE10>
2019-07-25 15:04:37,965 - cortix - INFO - Launching Module <__main__.BouncingBall object at 0x000001A9D13388D0>
2019-07-25 15:04:39,015 - cortix - INFO - Launching Module <__main__.BouncingBall object at 0x000001A9D1338940>
2019-07-25 15:04:39,725 - cortix - INFO - Launching Module <__main__.BouncingBall object at 0x000001A9D1370F98>
2019-07-25 15:04:40,685 - cortix - INFO - Launching Module <__main__.BouncingBall object at 0x000001A9D1370FD0>
2019-07-25 15:04:41,535 - cortix - INFO - Launching Module <__main__.BouncingBall object at 0x000001A9D13AD048>
2019-07-25 15:08:35,599 - cortix - INFO - Created Cortix object
2019-07-25 15:08:35,729 - cortix - INFO - Launching Module <bb_plot.Plot object at 0x000002365120A7F0>
2019-07-25 15:08:35,789 - cortix - INFO - Launching Module <__main__.BouncingBall object at 0x000002365120A898>
2019-07-25 15:08:36,619 - cortix - INFO - Launching Module <__main__.BouncingBall object at 0x000002365120A828>
2019-07-25 15:08:37,429 - cortix - INFO - Launching Module <__main__.BouncingBall object at 0x000002365121FD68>
2019-07-25 15:08:38,199 - cortix - INFO - Launching Module <__main__.BouncingBall object at 0x0000023651240EF0>
2019-07-25 15:08:39,009 - cortix - INFO - Launching Module <__main__.BouncingBall object at 0x0000023651240F28>
2019-07-25 15:10:13,330 - cortix - INFO - Created Cortix object
2019-07-25 15:10:13,460 - cortix - INFO - Launching Module <bb_plot.Plot object at 0x000001E11A63E198>
2019-07-25 15:10:13,620 - cortix - INFO - Launching Module <__main__.BouncingBall object at 0x000001E11A63E240>
2019-07-25 15:10:14,229 - cortix - INFO - Launching Module <__main__.BouncingBall object at 0x000001E11A63E1D0>
2019-07-25 15:10:14,819 - cortix - INFO - Launching Module <__main__.BouncingBall object at 0x000001E11A654DD8>
2019-07-25 15:10:15,469 - cortix - INFO - Launching Module <__main__.BouncingBall object at 0x000001E11A639710>
2019-07-25 15:10:16,019 - cortix - INFO - Launching Module <__main__.BouncingBall object at 0x000001E11A654E48>
2019-07-25 15:10:35,379 - cortix - INFO - Created Cortix object
2019-07-25 15:10:35,509 - cortix - INFO - Launching Module <bb_plot.Plot object at 0x000001C727B78860>
2019-07-25 15:10:35,539 - cortix - INFO - Launching Module <__main__.BouncingBall object at 0x000001C727B78908>
2019-07-25 15:10:36,349 - cortix - INFO - Launching Module <__main__.BouncingBall object at 0x000001C727B78898>
2019-07-25 15:10:37,079 - cortix - INFO - Launching Module <__main__.BouncingBall object at 0x000001C727B8FDD8>
2019-07-25 15:10:37,799 - cortix - INFO - Launching Module <__main__.BouncingBall object at 0x000001C727BB0F60>
2019-07-25 15:10:38,479 - cortix - INFO - Launching Module <__main__.BouncingBall object at 0x000001C727BB0F98>
2019-07-25 15:11:29,251 - cortix - INFO - Created Cortix object
2019-07-25 15:11:29,371 - cortix - INFO - Launching Module <bb_plot.Plot object at 0x000001FD68F18860>
2019-07-25 15:11:29,412 - cortix - INFO - Launching Module <__main__.BouncingBall object at 0x000001FD68F18908>
2019-07-25 15:11:29,981 - cortix - INFO - Launching Module <__main__.BouncingBall object at 0x000001FD68F18898>
2019-07-25 15:11:30,571 - cortix - INFO - Launching Module <__main__.BouncingBall object at 0x000001FD68F2FDD8>
2019-07-25 15:11:31,081 - cortix - INFO - Launching Module <__main__.BouncingBall object at 0x000001FD68F50F60>
2019-07-25 15:11:31,631 - cortix - INFO - Launching Module <__main__.BouncingBall object at 0x000001FD68F50F98>
2019-07-25 15:12:07,491 - cortix - INFO - Created Cortix object
2019-07-25 15:12:07,621 - cortix - INFO - Launching Module <bb_plot.Plot object at 0x0000016C8B52DAC8>
2019-07-25 15:12:07,671 - cortix - INFO - Launching Module <__main__.BouncingBall object at 0x0000016C8B6388D0>
2019-07-25 15:12:08,291 - cortix - INFO - Launching Module <__main__.BouncingBall object at 0x0000016C8B638898>
2019-07-25 15:12:08,821 - cortix - INFO - Launching Module <__main__.BouncingBall object at 0x0000016C8B638940>
2019-07-25 15:12:09,331 - cortix - INFO - Launching Module <__main__.BouncingBall object at 0x0000016C8B64FE10>
2019-07-25 15:12:09,861 - cortix - INFO - Launching Module <__main__.BouncingBall object at 0x0000016C8B670F98>
2019-07-25 15:12:46,718 - cortix - INFO - Created Cortix object
2019-07-25 15:12:46,838 - cortix - INFO - Launching Module <bb_plot.Plot object at 0x00000276CAD6FDA0>
2019-07-25 15:12:46,888 - cortix - INFO - Launching Module <__main__.BouncingBall object at 0x00000276CAD58860>
2019-07-25 15:12:47,698 - cortix - INFO - Launching Module <__main__.BouncingBall object at 0x00000276CAD588D0>
2019-07-25 15:12:48,378 - cortix - INFO - Launching Module <__main__.BouncingBall object at 0x00000276CAD90F28>
2019-07-25 15:12:49,078 - cortix - INFO - Launching Module <__main__.BouncingBall object at 0x00000276CAD90F60>
2019-07-25 15:12:49,758 - cortix - INFO - Launching Module <__main__.BouncingBall object at 0x00000276CAD90F98>
2019-07-25 15:14:02,233 - cortix - INFO - Created Cortix object
2019-07-25 15:14:02,343 - cortix - INFO - Launching Module <bb_plot.Plot object at 0x00000218D069FE10>
2019-07-25 15:14:02,413 - cortix - INFO - Launching Module <__main__.BouncingBall object at 0x00000218D06888D0>
2019-07-25 15:14:03,033 - cortix - INFO - Launching Module <__main__.BouncingBall object at 0x00000218D0688940>
2019-07-25 15:14:03,553 - cortix - INFO - Launching Module <__main__.BouncingBall object at 0x00000218D06C0F60>
2019-07-25 15:14:04,063 - cortix - INFO - Launching Module <__main__.BouncingBall object at 0x00000218D06C0F98>
2019-07-25 15:14:04,633 - cortix - INFO - Launching Module <__main__.BouncingBall object at 0x00000218D06C0FD0>
2019-07-25 15:14:22,632 - cortix - INFO - Created Cortix object
2019-07-25 15:14:22,752 - cortix - INFO - Launching Module <bb_plot.Plot object at 0x000002574568FE10>
2019-07-25 15:14:22,852 - cortix - INFO - Launching Module <__main__.BouncingBall object at 0x00000257456788D0>
2019-07-25 15:14:23,652 - cortix - INFO - Launching Module <__main__.BouncingBall object at 0x0000025745678940>
2019-07-25 15:14:24,322 - cortix - INFO - Launching Module <__main__.BouncingBall object at 0x00000257456B0F98>
2019-07-25 15:14:25,022 - cortix - INFO - Launching Module <__main__.BouncingBall object at 0x00000257456B0FD0>
2019-07-25 15:14:25,722 - cortix - INFO - Launching Module <__main__.BouncingBall object at 0x00000257456EA048>
2019-07-25 15:15:15,922 - cortix - INFO - Created Cortix object
2019-07-25 15:15:16,102 - cortix - INFO - Launching Module <bb_plot.Plot object at 0x000001442CB08860>
2019-07-25 15:15:16,152 - cortix - INFO - Launching Module <__main__.BouncingBall object at 0x000001442CB089B0>
2019-07-25 15:15:16,782 - cortix - INFO - Launching Module <__main__.BouncingBall object at 0x000001442CB08898>
2019-07-25 15:15:17,392 - cortix - INFO - Launching Module <__main__.BouncingBall object at 0x000001442CB40F28>
2019-07-25 15:15:18,122 - cortix - INFO - Launching Module <__main__.BouncingBall object at 0x000001442CB40F60>
2019-07-25 15:15:18,902 - cortix - INFO - Launching Module <__main__.BouncingBall object at 0x000001442CB40F98>
2019-07-25 15:16:02,302 - cortix - INFO - Created Cortix object
2019-07-25 15:16:02,462 - cortix - INFO - Launching Module <bb_plot.Plot object at 0x000002704EBF9630>
2019-07-25 15:16:02,522 - cortix - INFO - Launching Module <__main__.BouncingBall object at 0x000002704EBFE0F0>
2019-07-25 15:16:03,312 - cortix - INFO - Launching Module <__main__.BouncingBall object at 0x000002704EBFE160>
2019-07-25 15:16:03,892 - cortix - INFO - Launching Module <__main__.BouncingBall object at 0x000002704EC14D68>
2019-07-25 15:16:11,671 - cortix - INFO - Created Cortix object
2019-07-25 15:16:11,781 - cortix - INFO - Launching Module <bb_plot.Plot object at 0x00000232CB7D8DA0>
2019-07-25 15:16:11,821 - cortix - INFO - Launching Module <__main__.BouncingBall object at 0x00000232CB7C9860>
2019-07-25 15:16:12,671 - cortix - INFO - Launching Module <__main__.BouncingBall object at 0x00000232CB7C98D0>
2019-07-25 15:16:13,341 - cortix - INFO - Launching Module <__main__.BouncingBall object at 0x00000232CB800EF0>
2019-07-25 15:16:14,031 - cortix - INFO - Launching Module <__main__.BouncingBall object at 0x00000232CB800F28>
2019-07-25 15:16:14,661 - cortix - INFO - Launching Module <__main__.BouncingBall object at 0x00000232CB800F60>
2019-07-25 15:18:14,477 - cortix - INFO - Created Cortix object
2019-07-25 15:18:14,617 - cortix - INFO - Launching Module <bb_plot.Plot object at 0x000002360AFF9710>
2019-07-25 15:18:14,657 - cortix - INFO - Launching Module <__main__.BouncingBall object at 0x000002360AFFD1D0>
2019-07-25 15:18:15,437 - cortix - INFO - Launching Module <__main__.BouncingBall object at 0x000002360AFFD240>
2019-07-25 15:18:20,367 - cortix - INFO - Created Cortix object
2019-07-25 15:18:20,477 - cortix - INFO - Launching Module <bb_plot.Plot object at 0x00000234B0C39E48>
2019-07-25 15:18:20,537 - cortix - INFO - Launching Module <__main__.BouncingBall object at 0x00000234B0C29908>
2019-07-25 15:18:21,317 - cortix - INFO - Launching Module <__main__.BouncingBall object at 0x00000234B0C29978>
2019-07-25 15:18:22,167 - cortix - INFO - Launching Module <__main__.BouncingBall object at 0x00000234B0C60F98>
2019-07-25 15:18:22,991 - cortix - INFO - Launching Module <__main__.BouncingBall object at 0x00000234B0C60FD0>
2019-07-25 15:18:23,831 - cortix - INFO - Launching Module <__main__.BouncingBall object at 0x00000234B0C93048>
2019-07-25 15:23:39,067 - cortix - INFO - Created Cortix object
2019-07-25 15:23:39,217 - cortix - INFO - Launching Module <bb_plot.Plot object at 0x000002A2EFA79710>
2019-07-25 15:23:39,287 - cortix - INFO - Launching Module <__main__.BouncingBall object at 0x000002A2EFA7E1D0>
2019-07-25 15:23:40,067 - cortix - INFO - Launching Module <__main__.BouncingBall object at 0x000002A2EFA7E240>
2019-07-25 15:23:40,747 - cortix - INFO - Launching Module <__main__.BouncingBall object at 0x000002A2EFA947F0>
2019-07-25 15:23:41,427 - cortix - INFO - Launching Module <__main__.BouncingBall object at 0x000002A2EFA94E80>
2019-07-25 15:23:46,056 - cortix - INFO - Created Cortix object
2019-07-25 15:23:46,186 - cortix - INFO - Launching Module <bb_plot.Plot object at 0x000001B4C29AA828>
2019-07-25 15:23:46,236 - cortix - INFO - Launching Module <__main__.BouncingBall object at 0x000001B4C29AA978>
2019-07-25 15:23:47,076 - cortix - INFO - Launching Module <__main__.BouncingBall object at 0x000001B4C29AA860>
2019-07-25 15:23:47,836 - cortix - INFO - Launching Module <__main__.BouncingBall object at 0x000001B4C29E0EF0>
2019-07-25 15:23:48,486 - cortix - INFO - Launching Module <__main__.BouncingBall object at 0x000001B4C29E0F28>
2019-07-25 15:23:49,096 - cortix - INFO - Launching Module <__main__.BouncingBall object at 0x000001B4C29E0F60>
2019-07-25 15:25:09,569 - cortix - INFO - Created Cortix object
2019-07-25 15:25:09,709 - cortix - INFO - Launching Module <bb_plot.Plot object at 0x000001DF7F9BD8D0>
2019-07-25 15:25:09,759 - cortix - INFO - Launching Module <__main__.BouncingBall object at 0x000001DF7FA3E278>
2019-07-25 15:25:10,389 - cortix - INFO - Launching Module <__main__.BouncingBall object at 0x000001DF7FA3E208>
2019-07-25 15:25:10,929 - cortix - INFO - Launching Module <__main__.BouncingBall object at 0x000001DF7FA53E80>
2019-07-25 15:25:11,509 - cortix - INFO - Launching Module <__main__.BouncingBall object at 0x000001DF7FA42748>
2019-07-25 15:25:27,812 - cortix - INFO - Created Cortix object
2019-07-25 15:25:27,942 - cortix - INFO - Launching Module <bb_plot.Plot object at 0x0000017CA4809DA0>
2019-07-25 15:25:28,012 - cortix - INFO - Launching Module <__main__.BouncingBall object at 0x0000017CA47F9860>
2019-07-25 15:25:28,582 - cortix - INFO - Launching Module <__main__.BouncingBall object at 0x0000017CA47F98D0>
2019-07-25 15:25:43,389 - cortix - INFO - Created Cortix object
2019-07-25 15:25:43,499 - cortix - INFO - Launching Module <bb_plot.Plot object at 0x0000029135E49DD8>
2019-07-25 15:25:43,589 - cortix - INFO - Launching Module <__main__.BouncingBall object at 0x0000029135E39898>
2019-07-25 15:25:44,369 - cortix - INFO - Launching Module <__main__.BouncingBall object at 0x0000029135E39908>
2019-07-25 15:25:45,129 - cortix - INFO - Launching Module <__main__.BouncingBall object at 0x0000029135E70F60>
2019-07-25 15:25:45,899 - cortix - INFO - Launching Module <__main__.BouncingBall object at 0x0000029135E70F98>
2019-07-25 15:25:46,569 - cortix - INFO - Launching Module <__main__.BouncingBall object at 0x0000029135E70FD0>
2019-07-25 15:26:21,745 - cortix - INFO - Created Cortix object
2019-07-25 15:26:21,935 - cortix - INFO - Launching Module <bb_plot.Plot object at 0x00000235951C2748>
2019-07-25 15:26:22,015 - cortix - INFO - Launching Module <__main__.BouncingBall object at 0x00000235951BE208>
2019-07-25 15:26:29,615 - cortix - INFO - Created Cortix object
2019-07-25 15:26:29,745 - cortix - INFO - Launching Module <bb_plot.Plot object at 0x000001CC6A4B9DD8>
2019-07-25 15:26:29,775 - cortix - INFO - Launching Module <__main__.BouncingBall object at 0x000001CC6A4A9898>
2019-07-25 15:26:30,685 - cortix - INFO - Launching Module <__main__.BouncingBall object at 0x000001CC6A4A9908>
2019-07-25 15:26:31,385 - cortix - INFO - Launching Module <__main__.BouncingBall object at 0x000001CC6A4E0F60>
2019-07-25 15:26:32,085 - cortix - INFO - Launching Module <__main__.BouncingBall object at 0x000001CC6A4E0F98>
2019-07-25 15:26:32,685 - cortix - INFO - Launching Module <__main__.BouncingBall object at 0x000001CC6A4E0FD0>
2019-07-25 15:27:23,730 - cortix - INFO - Created Cortix object
2019-07-25 15:27:23,860 - cortix - INFO - Launching Module <bb_plot.Plot object at 0x00000251DEC39DD8>
2019-07-25 15:27:23,920 - cortix - INFO - Launching Module <__main__.BouncingBall object at 0x00000251DEC29898>
2019-07-25 15:27:24,540 - cortix - INFO - Launching Module <__main__.BouncingBall object at 0x00000251DEC29908>
2019-07-25 15:27:25,230 - cortix - INFO - Launching Module <__main__.BouncingBall object at 0x00000251DEC60F60>
2019-07-25 15:27:25,860 - cortix - INFO - Launching Module <__main__.BouncingBall object at 0x00000251DEC60F98>
2019-07-25 15:27:26,460 - cortix - INFO - Launching Module <__main__.BouncingBall object at 0x00000251DEC60FD0>
2019-07-25 15:28:04,199 - cortix - INFO - Created Cortix object
2019-07-25 15:28:04,289 - cortix - INFO - Launching Module <bb_plot.Plot object at 0x0000012A0AE89DD8>
2019-07-25 15:28:04,340 - cortix - INFO - Launching Module <__main__.BouncingBall object at 0x0000012A0AE79898>
2019-07-25 15:28:05,129 - cortix - INFO - Launching Module <__main__.BouncingBall object at 0x0000012A0AE79908>
2019-07-25 15:28:05,909 - cortix - INFO - Launching Module <__main__.BouncingBall object at 0x0000012A0AEB0F60>
2019-07-25 15:28:06,520 - cortix - INFO - Launching Module <__main__.BouncingBall object at 0x0000012A0AEB0F98>
2019-07-25 15:28:07,129 - cortix - INFO - Launching Module <__main__.BouncingBall object at 0x0000012A0AEB0FD0>
2019-07-25 15:28:54,749 - cortix - INFO - Created Cortix object
2019-07-25 15:28:54,889 - cortix - INFO - Launching Module <bb_plot.Plot object at 0x000002C4BDC69DA0>
2019-07-25 15:28:55,019 - cortix - INFO - Launching Module <__main__.BouncingBall object at 0x000002C4BDC59860>
2019-07-25 15:28:55,879 - cortix - INFO - Launching Module <__main__.BouncingBall object at 0x000002C4BDC598D0>
2019-07-25 15:28:56,649 - cortix - INFO - Launching Module <__main__.BouncingBall object at 0x000002C4BDC90F28>
2019-07-25 15:28:57,329 - cortix - INFO - Launching Module <__main__.BouncingBall object at 0x000002C4BDC90F60>
2019-07-25 15:28:58,029 - cortix - INFO - Launching Module <__main__.BouncingBall object at 0x000002C4BDC90F98>
2019-07-25 15:29:13,746 - cortix - INFO - Created Cortix object
2019-07-25 15:29:13,876 - cortix - INFO - Launching Module <bb_plot.Plot object at 0x0000025F44FB91D0>
2019-07-25 15:29:13,986 - cortix - INFO - Launching Module <__main__.BouncingBall object at 0x0000025F44FB9940>
2019-07-25 15:29:14,766 - cortix - INFO - Launching Module <__main__.BouncingBall object at 0x0000025F44FB98D0>
2019-07-25 15:29:15,446 - cortix - INFO - Launching Module <__main__.BouncingBall object at 0x0000025F44FC9E10>
2019-07-25 15:29:16,166 - cortix - INFO - Launching Module <__main__.BouncingBall object at 0x0000025F44FF0F98>
2019-07-25 15:29:16,846 - cortix - INFO - Launching Module <__main__.BouncingBall object at 0x0000025F44FF0FD0>
2019-07-25 15:32:19,543 - cortix - INFO - Created Cortix object
2019-07-25 15:32:43,258 - cortix - INFO - Created Cortix object
2019-07-25 15:32:43,388 - cortix - INFO - Launching Module <bb_plot.Plot object at 0x000002679E3D8E10>
2019-07-25 15:32:43,418 - cortix - INFO - Launching Module <__main__.BouncingBall object at 0x000002679E3C98D0>
2019-07-25 15:32:44,118 - cortix - INFO - Launching Module <__main__.BouncingBall object at 0x000002679E3C9940>
2019-07-25 15:32:44,848 - cortix - INFO - Launching Module <__main__.BouncingBall object at 0x000002679E400F98>
2019-07-25 15:32:45,588 - cortix - INFO - Launching Module <__main__.BouncingBall object at 0x000002679E400FD0>
2019-07-25 15:32:46,328 - cortix - INFO - Launching Module <__main__.BouncingBall object at 0x000002679E43B048>
2019-07-25 15:33:44,798 - cortix - INFO - Created Cortix object
2019-07-25 15:33:44,958 - cortix - INFO - Launching Module <bb_plot.Plot object at 0x0000016372C346D8>
2019-07-25 15:33:45,028 - cortix - INFO - Launching Module <__main__.BouncingBall object at 0x0000016372C3D198>
2019-07-25 15:33:55,160 - cortix - INFO - Created Cortix object
2019-07-25 15:33:55,280 - cortix - INFO - Launching Module <bb_plot.Plot object at 0x0000028217FD8DD8>
2019-07-25 15:33:55,340 - cortix - INFO - Launching Module <__main__.BouncingBall object at 0x0000028217FC9898>
2019-07-25 15:33:56,110 - cortix - INFO - Launching Module <__main__.BouncingBall object at 0x0000028217FC9908>
2019-07-25 15:33:56,760 - cortix - INFO - Launching Module <__main__.BouncingBall object at 0x0000028218000F60>
2019-07-25 15:33:57,340 - cortix - INFO - Launching Module <__main__.BouncingBall object at 0x0000028218000F98>
2019-07-25 15:33:57,970 - cortix - INFO - Launching Module <__main__.BouncingBall object at 0x0000028218000FD0>
2019-07-25 15:36:59,696 - cortix - INFO - Created Cortix object
2019-07-25 15:36:59,786 - cortix - INFO - Launching Module <bb_plot.Plot object at 0x0000020912C1FD68>
2019-07-25 15:36:59,876 - cortix - INFO - Launching Module <__main__.BouncingBall object at 0x0000020912C0A828>
2019-07-25 15:37:00,496 - cortix - INFO - Launching Module <__main__.BouncingBall object at 0x0000020912C0A898>
2019-07-25 15:37:01,146 - cortix - INFO - Launching Module <__main__.BouncingBall object at 0x0000020912C40EF0>
2019-07-25 15:37:01,656 - cortix - INFO - Launching Module <__main__.BouncingBall object at 0x0000020912C40F28>
2019-07-25 15:37:02,416 - cortix - INFO - Launching Module <__main__.BouncingBall object at 0x0000020912C40F60>
2019-07-25 15:42:31,184 - cortix - INFO - Created Cortix object
2019-07-25 15:42:31,304 - cortix - INFO - Launching Module <bb_plot.Plot object at 0x000001E95965FDD8>
2019-07-25 15:42:31,354 - cortix - INFO - Launching Module <__main__.BouncingBall object at 0x000001E959648898>
2019-07-25 15:42:31,954 - cortix - INFO - Launching Module <__main__.BouncingBall object at 0x000001E959648908>
2019-07-25 15:42:32,444 - cortix - INFO - Launching Module <__main__.BouncingBall object at 0x000001E959680F60>
2019-07-25 15:42:32,994 - cortix - INFO - Launching Module <__main__.BouncingBall object at 0x000001E959680F98>
2019-07-25 15:42:33,494 - cortix - INFO - Launching Module <__main__.BouncingBall object at 0x000001E959680FD0>
2019-07-25 15:44:02,662 - cortix - INFO - Created Cortix object
2019-07-25 15:44:02,782 - cortix - INFO - Launching Module <bb_plot.Plot object at 0x000001F6ADD18DA0>
2019-07-25 15:44:02,842 - cortix - INFO - Launching Module <__main__.BouncingBall object at 0x000001F6ADD09860>
2019-07-25 15:44:03,782 - cortix - INFO - Launching Module <__main__.BouncingBall object at 0x000001F6ADD098D0>
2019-07-25 15:44:04,482 - cortix - INFO - Launching Module <__main__.BouncingBall object at 0x000001F6ADD40EF0>
2019-07-25 15:44:05,192 - cortix - INFO - Launching Module <__main__.BouncingBall object at 0x000001F6ADD40F28>
2019-07-25 15:44:05,922 - cortix - INFO - Launching Module <__main__.BouncingBall object at 0x000001F6ADD40F60>
2019-07-25 15:45:23,852 - cortix - INFO - Created Cortix object
2019-07-25 15:45:23,992 - cortix - INFO - Launching Module <bb_plot.Plot object at 0x00000273D1014710>
2019-07-25 15:45:24,042 - cortix - INFO - Launching Module <__main__.BouncingBall object at 0x00000273D101D1D0>
2019-07-25 15:45:24,642 - cortix - INFO - Launching Module <__main__.BouncingBall object at 0x00000273D101D240>
2019-07-25 15:45:25,262 - cortix - INFO - Launching Module <__main__.BouncingBall object at 0x00000273D1034E80>
2019-07-25 15:45:25,812 - cortix - INFO - Launching Module <__main__.BouncingBall object at 0x00000273D1034860>
2019-07-25 15:45:26,322 - cortix - INFO - Launching Module <__main__.BouncingBall object at 0x00000273D1034EF0>
2019-07-25 15:45:33,342 - cortix - INFO - Created Cortix object
2019-07-25 15:45:33,462 - cortix - INFO - Launching Module <bb_plot.Plot object at 0x00000144E573FDA0>
2019-07-25 15:45:33,492 - cortix - INFO - Launching Module <__main__.BouncingBall object at 0x00000144E5728860>
2019-07-25 15:45:34,282 - cortix - INFO - Launching Module <__main__.BouncingBall object at 0x00000144E57288D0>
2019-07-25 15:45:35,032 - cortix - INFO - Launching Module <__main__.BouncingBall object at 0x00000144E5760F28>
2019-07-25 15:45:35,732 - cortix - INFO - Launching Module <__main__.BouncingBall object at 0x00000144E5760F60>
2019-07-25 15:45:36,392 - cortix - INFO - Launching Module <__main__.BouncingBall object at 0x00000144E5760F98>
2019-07-25 15:46:41,032 - cortix - INFO - Created Cortix object
2019-07-25 15:46:41,312 - cortix - INFO - Launching Module <bb_plot.Plot object at 0x0000026640A99780>
2019-07-25 15:46:41,412 - cortix - INFO - Launching Module <__main__.BouncingBall object at 0x0000026640A9D240>
2019-07-25 15:46:42,232 - cortix - INFO - Launching Module <__main__.BouncingBall object at 0x0000026640A9D2B0>
2019-07-25 15:46:42,882 - cortix - INFO - Launching Module <__main__.BouncingBall object at 0x0000026640AB4E48>
2019-07-25 15:46:43,657 - cortix - INFO - Launching Module <__main__.BouncingBall object at 0x0000026640AB4828>
2019-07-25 15:46:44,377 - cortix - INFO - Launching Module <__main__.BouncingBall object at 0x0000026640AB4EB8>
2019-07-25 15:46:53,577 - cortix - INFO - Created Cortix object
2019-07-25 15:46:53,877 - cortix - INFO - Launching Module <bb_plot.Plot object at 0x0000026122C9FDD8>
2019-07-25 15:46:53,957 - cortix - INFO - Launching Module <__main__.BouncingBall object at 0x0000026122C88898>
2019-07-25 15:46:54,687 - cortix - INFO - Launching Module <__main__.BouncingBall object at 0x0000026122C88908>
2019-07-25 15:46:55,277 - cortix - INFO - Launching Module <__main__.BouncingBall object at 0x0000026122CC0F60>
2019-07-25 15:46:55,967 - cortix - INFO - Launching Module <__main__.BouncingBall object at 0x0000026122CC0F98>
2019-07-25 15:46:56,557 - cortix - INFO - Launching Module <__main__.BouncingBall object at 0x0000026122CC0FD0>
2019-07-25 15:48:45,191 - cortix - INFO - Created Cortix object
2019-07-25 15:48:45,591 - cortix - INFO - Launching Module <bb_plot.Plot object at 0x000002722EF59748>
2019-07-25 15:48:45,661 - cortix - INFO - Launching Module <__main__.BouncingBall object at 0x000002722EF5C208>
2019-07-25 15:48:46,621 - cortix - INFO - Launching Module <__main__.BouncingBall object at 0x000002722EF5C278>
2019-07-25 15:48:53,847 - cortix - INFO - Created Cortix object
2019-07-25 15:48:54,237 - cortix - INFO - Launching Module <bb_plot.Plot object at 0x0000020138AFFE48>
2019-07-25 15:48:54,327 - cortix - INFO - Launching Module <__main__.BouncingBall object at 0x0000020138AE8908>
2019-07-25 15:48:55,017 - cortix - INFO - Launching Module <__main__.BouncingBall object at 0x0000020138AE8978>
2019-07-25 15:48:55,637 - cortix - INFO - Launching Module <__main__.BouncingBall object at 0x0000020138B20FD0>
2019-07-25 15:48:56,287 - cortix - INFO - Launching Module <__main__.BouncingBall object at 0x0000020138B4B048>
2019-07-25 15:48:56,857 - cortix - INFO - Launching Module <__main__.BouncingBall object at 0x0000020138B4B080>
2019-07-25 15:57:30,517 - cortix - INFO - Created Cortix object
2019-07-25 15:57:30,607 - cortix - INFO - Launching Module <__main__.BouncingBall object at 0x000001FE67E388D0>
2019-07-25 15:57:31,167 - cortix - INFO - Launching Module <__main__.BouncingBall object at 0x000001FE67E38940>
2019-07-25 15:57:31,667 - cortix - INFO - Launching Module <__main__.BouncingBall object at 0x000001FE67E71F98>
2019-07-25 15:57:32,157 - cortix - INFO - Launching Module <__main__.BouncingBall object at 0x000001FE67E71FD0>
2019-07-25 15:57:32,707 - cortix - INFO - Launching Module <__main__.BouncingBall object at 0x000001FE67EAB048>
2019-07-25 15:58:34,805 - cortix - INFO - Created Cortix object
2019-07-25 15:58:34,975 - cortix - INFO - Launching Module <__main__.BouncingBall object at 0x00000257E929C1D0>
2019-07-25 15:58:35,675 - cortix - INFO - Launching Module <__main__.BouncingBall object at 0x00000257E929C240>
2019-07-25 15:58:36,495 - cortix - INFO - Launching Module <__main__.BouncingBall object at 0x00000257E92B5E48>
2019-07-25 15:58:37,325 - cortix - INFO - Launching Module <__main__.BouncingBall object at 0x00000257E92B5828>
2019-07-25 15:58:49,914 - cortix - INFO - Created Cortix object
2019-07-25 15:58:50,034 - cortix - INFO - Launching Module <__main__.BouncingBall object at 0x000001FFF684B828>
2019-07-25 15:58:50,714 - cortix - INFO - Launching Module <__main__.BouncingBall object at 0x000001FFF684B898>
2019-07-25 15:58:51,374 - cortix - INFO - Launching Module <__main__.BouncingBall object at 0x000001FFF6881EF0>
2019-07-25 15:58:52,034 - cortix - INFO - Launching Module <__main__.BouncingBall object at 0x000001FFF6881F28>
2019-07-25 15:58:52,694 - cortix - INFO - Launching Module <__main__.BouncingBall object at 0x000001FFF6881F60>
2019-07-25 15:59:31,850 - cortix - INFO - Created Cortix object
2019-07-25 15:59:32,017 - cortix - INFO - Launching Module <__main__.BouncingBall object at 0x000001D9BCC2C278>
2019-07-25 15:59:32,867 - cortix - INFO - Launching Module <__main__.BouncingBall object at 0x000001D9BCC29748>
2019-07-25 15:59:33,677 - cortix - INFO - Launching Module <__main__.BouncingBall object at 0x000001D9BCC2C208>
2019-07-25 15:59:34,477 - cortix - INFO - Launching Module <__main__.BouncingBall object at 0x000001D9BCC43E48>
2019-07-25 15:59:35,277 - cortix - INFO - Launching Module <__main__.BouncingBall object at 0x000001D9BCC43F28>
2019-07-25 16:03:57,997 - cortix - INFO - Created Cortix object
2019-07-25 16:03:58,097 - cortix - INFO - Launching Module <__main__.BouncingBall object at 0x00000152DFFE8908>
2019-07-25 16:03:58,647 - cortix - INFO - Launching Module <__main__.BouncingBall object at 0x00000152DFFE8898>
2019-07-25 16:03:59,207 - cortix - INFO - Launching Module <__main__.BouncingBall object at 0x00000152E0020F98>
2019-07-25 16:03:59,717 - cortix - INFO - Launching Module <__main__.BouncingBall object at 0x00000152E0020FD0>
2019-07-25 16:04:00,237 - cortix - INFO - Launching Module <__main__.BouncingBall object at 0x00000152E0020F60>
2019-07-25 16:06:17,211 - cortix - INFO - Created Cortix object
2019-07-25 16:06:17,351 - cortix - INFO - Launching Module <__main__.BouncingBall object at 0x0000025E0E0D8940>
2019-07-25 16:06:18,071 - cortix - INFO - Launching Module <__main__.BouncingBall object at 0x0000025E0E0D88D0>
2019-07-25 16:06:18,731 - cortix - INFO - Launching Module <__main__.BouncingBall object at 0x0000025E0E111FD0>
2019-07-25 16:06:19,461 - cortix - INFO - Launching Module <__main__.BouncingBall object at 0x0000025E0E111F98>
2019-07-25 16:06:20,191 - cortix - INFO - Launching Module <__main__.BouncingBall object at 0x0000025E0E14A080>
2019-07-25 16:07:01,550 - cortix - INFO - Created Cortix object
2019-07-25 16:07:01,650 - cortix - INFO - Launching Module <__main__.BouncingBall object at 0x000001FB386088D0>
2019-07-25 16:07:02,230 - cortix - INFO - Launching Module <__main__.BouncingBall object at 0x000001FB38608940>
2019-07-25 16:07:02,740 - cortix - INFO - Launching Module <__main__.BouncingBall object at 0x000001FB38641F98>
2019-07-25 16:07:03,350 - cortix - INFO - Launching Module <__main__.BouncingBall object at 0x000001FB38641FD0>
2019-07-25 16:07:03,900 - cortix - INFO - Launching Module <__main__.BouncingBall object at 0x000001FB3867A048>
2019-07-25 16:07:24,280 - cortix - INFO - Created Cortix object
2019-07-25 16:07:24,400 - cortix - INFO - Launching Module <__main__.BouncingBall object at 0x000001A283B58978>
2019-07-25 16:07:25,080 - cortix - INFO - Launching Module <__main__.BouncingBall object at 0x000001A283B589E8>
2019-07-25 16:07:25,800 - cortix - INFO - Launching Module <__main__.BouncingBall object at 0x000001A283A290B8>
2019-07-25 16:07:26,420 - cortix - INFO - Launching Module <__main__.BouncingBall object at 0x000001A283BBB048>
2019-07-25 16:07:27,080 - cortix - INFO - Launching Module <__main__.BouncingBall object at 0x000001A283BBB080>
2019-07-25 16:08:08,909 - cortix - INFO - Created Cortix object
2019-07-25 16:08:09,039 - cortix - INFO - Launching Module <__main__.BouncingBall object at 0x000001CFC8268978>
2019-07-25 16:08:09,739 - cortix - INFO - Launching Module <__main__.BouncingBall object at 0x000001CFC8268908>
2019-07-25 16:08:10,369 - cortix - INFO - Launching Module <__main__.BouncingBall object at 0x000001CFC827FE48>
2019-07-25 16:08:11,109 - cortix - INFO - Launching Module <__main__.BouncingBall object at 0x000001CFC82A1FD0>
2019-07-25 16:08:11,749 - cortix - INFO - Launching Module <__main__.BouncingBall object at 0x000001CFC82DA048>
2019-07-25 16:08:25,575 - cortix - INFO - Created Cortix object
2019-07-25 16:08:25,695 - cortix - INFO - Launching Module <bb_plot.Plot object at 0x0000014D658F9748>
2019-07-25 16:08:25,765 - cortix - INFO - Launching Module <__main__.BouncingBall object at 0x0000014D658FD208>
2019-07-25 16:08:26,655 - cortix - INFO - Launching Module <__main__.BouncingBall object at 0x0000014D658FD278>
2019-07-25 16:08:34,180 - cortix - INFO - Created Cortix object
2019-07-25 16:08:34,300 - cortix - INFO - Launching Module <bb_plot.Plot object at 0x00000299EFCEFE10>
2019-07-25 16:08:34,360 - cortix - INFO - Launching Module <__main__.BouncingBall object at 0x00000299EFCD98D0>
2019-07-25 16:08:35,180 - cortix - INFO - Launching Module <__main__.BouncingBall object at 0x00000299EFCD9940>
2019-07-25 16:08:35,890 - cortix - INFO - Launching Module <__main__.BouncingBall object at 0x00000299EFD11F98>
2019-07-25 16:08:36,600 - cortix - INFO - Launching Module <__main__.BouncingBall object at 0x00000299EFD11FD0>
2019-07-25 16:08:37,280 - cortix - INFO - Launching Module <__main__.BouncingBall object at 0x00000299EFD4A048>
2019-07-25 16:09:10,375 - cortix - INFO - Created Cortix object
2019-07-25 16:09:10,545 - cortix - INFO - Launching Module <__main__.BouncingBall object at 0x0000022DB9D3C278>
2019-07-25 16:09:11,335 - cortix - INFO - Launching Module <__main__.BouncingBall object at 0x0000022DB9D3C2E8>
2019-07-25 16:09:12,235 - cortix - INFO - Launching Module <__main__.BouncingBall object at 0x0000022DB9D54EF0>
2019-07-25 16:09:18,830 - cortix - INFO - Created Cortix object
2019-07-25 16:09:18,950 - cortix - INFO - Launching Module <__main__.BouncingBall object at 0x0000013250778940>
2019-07-25 16:09:19,560 - cortix - INFO - Launching Module <__main__.BouncingBall object at 0x00000132507789B0>
2019-07-25 16:09:20,230 - cortix - INFO - Launching Module <__main__.BouncingBall object at 0x00000132507B1FD0>
2019-07-25 16:09:20,830 - cortix - INFO - Launching Module <__main__.BouncingBall object at 0x00000132507DB048>
2019-07-25 16:09:21,450 - cortix - INFO - Launching Module <__main__.BouncingBall object at 0x00000132507DB080>
2019-07-25 16:09:42,432 - cortix - INFO - Created Cortix object
2019-07-25 16:09:42,542 - cortix - INFO - Launching Module <__main__.BouncingBall object at 0x00000204758DE240>
2019-07-25 16:09:43,232 - cortix - INFO - Launching Module <__main__.BouncingBall object at 0x00000204758DE2B0>
2019-07-25 16:09:43,892 - cortix - INFO - Launching Module <__main__.BouncingBall object at 0x00000204758F3EB8>
2019-07-25 16:09:52,173 - cortix - INFO - Created Cortix object
2019-07-25 16:09:52,283 - cortix - INFO - Launching Module <__main__.BouncingBall object at 0x000001B3B26A9898>
2019-07-25 16:09:52,843 - cortix - INFO - Launching Module <__main__.BouncingBall object at 0x000001B3B26A9908>
2019-07-25 16:09:53,423 - cortix - INFO - Launching Module <__main__.BouncingBall object at 0x000001B3B26E2F60>
2019-07-25 16:09:54,103 - cortix - INFO - Launching Module <__main__.BouncingBall object at 0x000001B3B26E2F98>
2019-07-25 16:09:54,723 - cortix - INFO - Launching Module <__main__.BouncingBall object at 0x000001B3B26E2FD0>
2019-07-25 16:10:40,033 - cortix - INFO - Created Cortix object
2019-07-25 16:10:40,133 - cortix - INFO - Launching Module <__main__.BouncingBall object at 0x0000020D34469908>
2019-07-25 16:10:40,793 - cortix - INFO - Launching Module <__main__.BouncingBall object at 0x0000020D34469978>
2019-07-25 16:10:41,523 - cortix - INFO - Launching Module <__main__.BouncingBall object at 0x0000020D344A2F98>
2019-07-25 16:10:42,153 - cortix - INFO - Launching Module <__main__.BouncingBall object at 0x0000020D344A2FD0>
2019-07-25 16:10:42,913 - cortix - INFO - Launching Module <__main__.BouncingBall object at 0x0000020D344DB048>
2019-07-25 16:11:02,503 - cortix - INFO - Created Cortix object
2019-07-25 16:11:02,643 - cortix - INFO - Launching Module <__main__.BouncingBall object at 0x000001F99787A898>
2019-07-25 16:11:03,353 - cortix - INFO - Launching Module <__main__.BouncingBall object at 0x000001F99787A908>
2019-07-25 16:11:04,053 - cortix - INFO - Launching Module <__main__.BouncingBall object at 0x000001F9978B1F28>
2019-07-25 16:11:04,753 - cortix - INFO - Launching Module <__main__.BouncingBall object at 0x000001F9978B1F60>
2019-07-25 16:11:05,543 - cortix - INFO - Launching Module <__main__.BouncingBall object at 0x000001F9978B1F98>
2019-07-25 16:11:29,871 - cortix - INFO - Created Cortix object
2019-07-25 16:11:29,981 - cortix - INFO - Launching Module <__main__.BouncingBall object at 0x0000023B239EA898>
2019-07-25 16:11:30,681 - cortix - INFO - Launching Module <__main__.BouncingBall object at 0x0000023B239EA908>
2019-07-25 16:11:31,341 - cortix - INFO - Launching Module <__main__.BouncingBall object at 0x0000023B23A21F60>
2019-07-25 16:11:32,001 - cortix - INFO - Launching Module <__main__.BouncingBall object at 0x0000023B23A21F98>
2019-07-25 16:11:32,631 - cortix - INFO - Launching Module <__main__.BouncingBall object at 0x0000023B23A21FD0>
2019-07-25 16:11:55,171 - cortix - INFO - Created Cortix object
2019-07-25 16:11:55,281 - cortix - INFO - Launching Module <__main__.BouncingBall object at 0x000002788AF5A860>
2019-07-25 16:11:55,811 - cortix - INFO - Launching Module <__main__.BouncingBall object at 0x000002788AF5A8D0>
2019-07-25 16:11:56,471 - cortix - INFO - Launching Module <__main__.BouncingBall object at 0x000002788AF91F28>
2019-07-25 16:11:56,991 - cortix - INFO - Launching Module <__main__.BouncingBall object at 0x000002788AF91F60>
2019-07-25 16:11:57,531 - cortix - INFO - Launching Module <__main__.BouncingBall object at 0x000002788AF91F98>
2019-07-25 16:17:02,942 - cortix - INFO - Created Cortix object
2019-07-25 16:17:03,061 - cortix - INFO - Launching Module <bb_plot.Plot object at 0x000001758C79B7F0>
2019-07-25 16:17:03,101 - cortix - INFO - Launching Module <__main__.BouncingBall object at 0x000001758C79B898>
2019-07-25 16:17:03,881 - cortix - INFO - Launching Module <__main__.BouncingBall object at 0x000001758C79B828>
2019-07-25 16:17:04,682 - cortix - INFO - Launching Module <__main__.BouncingBall object at 0x000001758C7A9D68>
2019-07-25 16:17:05,461 - cortix - INFO - Launching Module <__main__.BouncingBall object at 0x000001758C7D0EF0>
2019-07-25 16:17:06,191 - cortix - INFO - Launching Module <__main__.BouncingBall object at 0x000001758C7D0F28>
2019-07-25 16:17:53,433 - cortix - INFO - Created Cortix object
2019-07-25 16:17:53,563 - cortix - INFO - Launching Module <bb_plot.Plot object at 0x000001B68BF59198>
2019-07-25 16:17:53,643 - cortix - INFO - Launching Module <__main__.BouncingBall object at 0x000001B68BF59908>
2019-07-25 16:17:54,473 - cortix - INFO - Launching Module <__main__.BouncingBall object at 0x000001B68BF59898>
2019-07-25 16:17:55,213 - cortix - INFO - Launching Module <__main__.BouncingBall object at 0x000001B68BF69DD8>
2019-07-25 16:17:55,923 - cortix - INFO - Launching Module <__main__.BouncingBall object at 0x000001B68BF90F60>
2019-07-25 16:17:56,683 - cortix - INFO - Launching Module <__main__.BouncingBall object at 0x000001B68BF90F98>
2019-07-25 16:18:28,165 - cortix - INFO - Created Cortix object
2019-07-25 16:18:28,265 - cortix - INFO - Launching Module <bb_plot.Plot object at 0x000001654EC79E10>
2019-07-25 16:18:28,315 - cortix - INFO - Launching Module <__main__.BouncingBall object at 0x000001654EC698D0>
2019-07-25 16:18:29,045 - cortix - INFO - Launching Module <__main__.BouncingBall object at 0x000001654EC69940>
2019-07-25 16:18:29,715 - cortix - INFO - Launching Module <__main__.BouncingBall object at 0x000001654ECA0F98>
2019-07-25 16:18:30,475 - cortix - INFO - Launching Module <__main__.BouncingBall object at 0x000001654ECA0FD0>
2019-07-25 16:18:31,095 - cortix - INFO - Launching Module <__main__.BouncingBall object at 0x000001654ECDD048>
2019-07-25 16:20:02,034 - cortix - INFO - Created Cortix object
2019-07-25 16:20:02,154 - cortix - INFO - Launching Module <bb_plot.Plot object at 0x000002332DAF9E10>
2019-07-25 16:20:02,204 - cortix - INFO - Launching Module <__main__.BouncingBall object at 0x000002332DAE98D0>
2019-07-25 16:20:03,094 - cortix - INFO - Launching Module <__main__.BouncingBall object at 0x000002332DAE9940>
2019-07-25 16:20:03,784 - cortix - INFO - Launching Module <__main__.BouncingBall object at 0x000002332DB20F98>
2019-07-25 16:20:04,564 - cortix - INFO - Launching Module <__main__.BouncingBall object at 0x000002332DB20FD0>
2019-07-25 16:20:05,324 - cortix - INFO - Launching Module <__main__.BouncingBall object at 0x000002332DB5D048>
2019-07-25 16:22:21,253 - cortix - INFO - Created Cortix object
2019-07-25 16:22:21,363 - cortix - INFO - Launching Module <__main__.BouncingBall object at 0x00000265D47BA828>
2019-07-25 16:22:21,963 - cortix - INFO - Launching Module <__main__.BouncingBall object at 0x00000265D47BA8D0>
2019-07-25 16:22:22,703 - cortix - INFO - Launching Module <__main__.BouncingBall object at 0x00000265D47BA860>
2019-07-25 16:22:23,343 - cortix - INFO - Launching Module <__main__.BouncingBall object at 0x00000265D47C9DA0>
2019-07-25 16:22:23,953 - cortix - INFO - Launching Module <__main__.BouncingBall object at 0x00000265D47F1F28>
2019-07-25 16:35:03,853 - cortix - INFO - Created Cortix object
2019-07-25 16:35:03,933 - cortix - INFO - Launching Module <__main__.BouncingBall object at 0x000001DFB6E3A7B8>
2019-07-25 16:35:04,593 - cortix - INFO - Launching Module <__main__.BouncingBall object at 0x000001DFB6E3A908>
2019-07-25 16:35:05,223 - cortix - INFO - Launching Module <__main__.BouncingBall object at 0x000001DFB6E3A7F0>
2019-07-25 16:35:05,933 - cortix - INFO - Launching Module <__main__.BouncingBall object at 0x000001DFB6E61E80>
2019-07-25 16:35:06,713 - cortix - INFO - Launching Module <__main__.BouncingBall object at 0x000001DFB6E61EB8>
2019-07-25 16:35:35,925 - cortix - INFO - Created Cortix object
2019-07-25 16:35:36,055 - cortix - INFO - Launching Module <bb_plot.Plot object at 0x000001A290CF9860>
2019-07-25 16:35:36,115 - cortix - INFO - Launching Module <__main__.BouncingBall object at 0x000001A290CF9908>
2019-07-25 16:35:36,885 - cortix - INFO - Launching Module <__main__.BouncingBall object at 0x000001A290CF9898>
2019-07-25 16:35:37,585 - cortix - INFO - Launching Module <__main__.BouncingBall object at 0x000001A290D09DD8>
2019-07-25 16:35:38,185 - cortix - INFO - Launching Module <__main__.BouncingBall object at 0x000001A290D30F60>
2019-07-25 16:35:38,875 - cortix - INFO - Launching Module <__main__.BouncingBall object at 0x000001A290D30F98>
2019-07-25 16:37:34,024 - cortix - INFO - Created Cortix object
2019-07-25 16:37:34,124 - cortix - INFO - Launching Module <bb_plot.Plot object at 0x000002434A9F9860>
2019-07-25 16:37:34,184 - cortix - INFO - Launching Module <__main__.BouncingBall object at 0x000002434A9F9908>
2019-07-25 16:37:34,814 - cortix - INFO - Launching Module <__main__.BouncingBall object at 0x000002434A9F9898>
2019-07-25 16:37:35,444 - cortix - INFO - Launching Module <__main__.BouncingBall object at 0x000002434AA09DD8>
2019-07-25 16:37:36,034 - cortix - INFO - Launching Module <__main__.BouncingBall object at 0x000002434AA30F28>
2019-07-25 16:37:36,664 - cortix - INFO - Launching Module <__main__.BouncingBall object at 0x000002434AA30F60>
2019-07-25 16:38:11,960 - cortix - INFO - Created Cortix object
2019-07-25 16:38:12,100 - cortix - INFO - Launching Module <bb_plot.Plot object at 0x000001DA2EFE9898>
2019-07-25 16:38:12,150 - cortix - INFO - Launching Module <__main__.BouncingBall object at 0x000001DA2EFE9940>
2019-07-25 16:38:12,920 - cortix - INFO - Launching Module <__main__.BouncingBall object at 0x000001DA2EFE98D0>
2019-07-25 16:38:13,550 - cortix - INFO - Launching Module <__main__.BouncingBall object at 0x000001DA2EFF9E10>
2019-07-25 16:38:14,200 - cortix - INFO - Launching Module <__main__.BouncingBall object at 0x000001DA2F021F98>
2019-07-25 16:38:14,870 - cortix - INFO - Launching Module <__main__.BouncingBall object at 0x000001DA2F021FD0>
